#
# There is insufficient memory for the Java Runtime Environment to continue.
# Native memory allocation (malloc) failed to allocate 405936 bytes. Error detail: Chunk::new
# Possible reasons:
#   The system is out of physical RAM or swap space
#   This process is running with CompressedOops enabled, and the Java Heap may be blocking the growth of the native heap
# Possible solutions:
#   Reduce memory load on the system
#   Increase physical memory or swap space
#   Check if swap backing store is full
#   Decrease Java heap size (-Xmx/-Xms)
#   Decrease number of Java threads
#   Decrease Java thread stack sizes (-Xss)
#   Set larger code cache with -XX:ReservedCodeCacheSize=
#   JVM is running with Unscaled Compressed Oops mode in which the Java heap is
#     placed in the first 4GB address space. The Java Heap base address is the
#     maximum limit for the native heap growth. Please use -XX:HeapBaseMinAddress
#     to set the Java Heap base and to place the Java Heap above 4GB virtual address.
# This output file may be truncated or incomplete.
#
#  Out of Memory Error (arena.cpp:191), pid=17772, tid=33460
#
# JRE version: OpenJDK Runtime Environment Temurin-17.0.11+9 (17.0.11+9) (build 17.0.11+9)
# Java VM: OpenJDK 64-Bit Server VM Temurin-17.0.11+9 (17.0.11+9, mixed mode, sharing, tiered, compressed oops, compressed class ptrs, g1 gc, windows-amd64)
# No core dump will be written. Minidumps are not enabled by default on client versions of Windows
#

---------------  S U M M A R Y ------------

Command Line: --add-opens=java.base/java.util=ALL-UNNAMED --add-opens=java.base/java.lang=ALL-UNNAMED --add-opens=java.base/java.lang.invoke=ALL-UNNAMED --add-opens=java.prefs/java.util.prefs=ALL-UNNAMED --add-opens=java.base/java.nio.charset=ALL-UNNAMED --add-opens=java.base/java.net=ALL-UNNAMED --add-opens=java.base/java.util.concurrent.atomic=ALL-UNNAMED -XX:MaxMetaspaceSize=384m -XX:+HeapDumpOnOutOfMemoryError -Xms256m -Xmx512m -Dfile.encoding=UTF-8 -Duser.country=KR -Duser.language=ko -Duser.variant -javaagent:C:\Users\kei02\.gradle\wrapper\dists\gradle-8.8-bin\dl7vupf4psengwqhwktix4v1\gradle-8.8\lib\agents\gradle-instrumentation-agent-8.8.jar org.gradle.launcher.daemon.bootstrap.GradleDaemon 8.8

Host: Intel(R) Core(TM) i5-8265U CPU @ 1.60GHz, 8 cores, 7G,  Windows 11 , 64 bit Build 22621 (10.0.22621.3672)
Time: Wed Aug 14 12:05:18 2024  Windows 11 , 64 bit Build 22621 (10.0.22621.3672) elapsed time: 43.289670 seconds (0d 0h 0m 43s)

---------------  T H R E A D  ---------------

Current thread (0x000001f854e1b7d0):  JavaThread "C2 CompilerThread0" daemon [_thread_in_native, id=33460, stack(0x0000009c6ec00000,0x0000009c6ed00000)]


Current CompileTask:
C2:  43289 6750       4       java.util.TreeMap::put (8 bytes)

Stack: [0x0000009c6ec00000,0x0000009c6ed00000]
Native frames: (J=compiled Java code, j=interpreted, Vv=VM code, C=native code)
V  [jvm.dll+0x67d429]
V  [jvm.dll+0x834b7a]
V  [jvm.dll+0x83663e]
V  [jvm.dll+0x836ca3]
V  [jvm.dll+0x247dbf]
V  [jvm.dll+0xac534]
V  [jvm.dll+0xacb7c]
V  [jvm.dll+0x2af2cf]
V  [jvm.dll+0x5848b7]
V  [jvm.dll+0x222d82]
V  [jvm.dll+0x21bc7d]
V  [jvm.dll+0x2197a1]
V  [jvm.dll+0x1a534d]
V  [jvm.dll+0x2295cd]
V  [jvm.dll+0x22779c]
V  [jvm.dll+0x7e9d07]
V  [jvm.dll+0x7e410a]
V  [jvm.dll+0x67c315]
C  [ucrtbase.dll+0x29333]
C  [KERNEL32.DLL+0x1257d]
C  [ntdll.dll+0x5af28]


---------------  P R O C E S S  ---------------

Threads class SMR info:
_java_thread_list=0x000001f87137b150, length=86, elements={
0x000001f83a28c360, 0x000001f854e014b0, 0x000001f854e02330, 0x000001f854e179d0,
0x000001f854e183a0, 0x000001f854e18f60, 0x000001f854e19a20, 0x000001f854e1b7d0,
0x000001f854e1dea0, 0x000001f854e214d0, 0x000001f86e0be830, 0x000001f86e0f4b90,
0x000001f86e099890, 0x000001f86f61cb30, 0x000001f86fa230c0, 0x000001f86f7e0810,
0x000001f86f694060, 0x000001f86e57b9b0, 0x000001f86e57aa80, 0x000001f86e57af90,
0x000001f86e57d810, 0x000001f86e57bec0, 0x000001f86e57b4a0, 0x000001f86e57c3d0,
0x000001f86e57c8e0, 0x000001f86e57a060, 0x000001f86e57a570, 0x000001f86eeb3eb0,
0x000001f86eeb7660, 0x000001f86eeb52f0, 0x000001f86eeb2050, 0x000001f86eeb7150,
0x000001f86eeb43c0, 0x000001f86eeb6220, 0x000001f86eeb4de0, 0x000001f86eeb5d10,
0x000001f86eeb99d0, 0x000001f86eeb6730, 0x000001f86eeb8aa0, 0x000001f86eeb5800,
0x000001f86eeb2a70, 0x000001f86eeb8080, 0x000001f86eeb94c0, 0x000001f86eeb2f80,
0x000001f86eeb3490, 0x000001f86eeb39a0, 0x000001f87152eba0, 0x000001f87152dc70,
0x000001f87152c830, 0x000001f87152cd40, 0x000001f87152d760, 0x000001f871530a00,
0x000001f87152d250, 0x000001f871531420, 0x000001f87152b900, 0x000001f87152f0b0,
0x000001f87152e180, 0x000001f871531930, 0x000001f871532350, 0x000001f87152e690,
0x000001f87152c320, 0x000001f87152f5c0, 0x000001f87152fad0, 0x000001f871532860,
0x000001f87152be10, 0x000001f87152ffe0, 0x000001f871532d70, 0x000001f8715304f0,
0x000001f871533280, 0x000001f87045efd0, 0x000001f8704599c0, 0x000001f87045a3e0,
0x000001f87045e5b0, 0x000001f87045eac0, 0x000001f87045a8f0, 0x000001f87045e0a0,
0x000001f870459ed0, 0x000001f87045f4e0, 0x000001f870458070, 0x000001f87045b310,
0x000001f87045f9f0, 0x000001f870458580, 0x000001f87045ae00, 0x000001f870458a90,
0x000001f87045cc60, 0x000001f870ed5b00
}

Java Threads: ( => current thread )
  0x000001f83a28c360 JavaThread "main" [_thread_blocked, id=20640, stack(0x0000009c6df00000,0x0000009c6e000000)]
  0x000001f854e014b0 JavaThread "Reference Handler" daemon [_thread_blocked, id=26724, stack(0x0000009c6e600000,0x0000009c6e700000)]
  0x000001f854e02330 JavaThread "Finalizer" daemon [_thread_blocked, id=21836, stack(0x0000009c6e700000,0x0000009c6e800000)]
  0x000001f854e179d0 JavaThread "Signal Dispatcher" daemon [_thread_blocked, id=25532, stack(0x0000009c6e800000,0x0000009c6e900000)]
  0x000001f854e183a0 JavaThread "Attach Listener" daemon [_thread_blocked, id=27292, stack(0x0000009c6e900000,0x0000009c6ea00000)]
  0x000001f854e18f60 JavaThread "Service Thread" daemon [_thread_blocked, id=17564, stack(0x0000009c6ea00000,0x0000009c6eb00000)]
  0x000001f854e19a20 JavaThread "Monitor Deflation Thread" daemon [_thread_blocked, id=5412, stack(0x0000009c6eb00000,0x0000009c6ec00000)]
=>0x000001f854e1b7d0 JavaThread "C2 CompilerThread0" daemon [_thread_in_native, id=33460, stack(0x0000009c6ec00000,0x0000009c6ed00000)]
  0x000001f854e1dea0 JavaThread "C1 CompilerThread0" daemon [_thread_blocked, id=1912, stack(0x0000009c6ed00000,0x0000009c6ee00000)]
  0x000001f854e214d0 JavaThread "Sweeper thread" daemon [_thread_blocked, id=28632, stack(0x0000009c6ee00000,0x0000009c6ef00000)]
  0x000001f86e0be830 JavaThread "Common-Cleaner" daemon [_thread_blocked, id=24828, stack(0x0000009c6ef00000,0x0000009c6f000000)]
  0x000001f86e0f4b90 JavaThread "Notification Thread" daemon [_thread_blocked, id=24376, stack(0x0000009c6f000000,0x0000009c6f100000)]
  0x000001f86e099890 JavaThread "Daemon health stats" [_thread_blocked, id=32564, stack(0x0000009c6f300000,0x0000009c6f400000)]
  0x000001f86f61cb30 JavaThread "Incoming local TCP Connector on port 57414" [_thread_in_native, id=30152, stack(0x0000009c6f200000,0x0000009c6f300000)]
  0x000001f86fa230c0 JavaThread "Daemon periodic checks" [_thread_blocked, id=28896, stack(0x0000009c6f900000,0x0000009c6fa00000)]
  0x000001f86f7e0810 JavaThread "Daemon" [_thread_blocked, id=8376, stack(0x0000009c6fa00000,0x0000009c6fb00000)]
  0x000001f86f694060 JavaThread "Handler for socket connection from /127.0.0.1:57414 to /127.0.0.1:57415" [_thread_in_native, id=33344, stack(0x0000009c6fb00000,0x0000009c6fc00000)]
  0x000001f86e57b9b0 JavaThread "Cancel handler" [_thread_blocked, id=15400, stack(0x0000009c6fc00000,0x0000009c6fd00000)]
  0x000001f86e57aa80 JavaThread "Daemon worker" [_thread_blocked, id=9776, stack(0x0000009c6fd00000,0x0000009c6fe00000)]
  0x000001f86e57af90 JavaThread "Asynchronous log dispatcher for DefaultDaemonConnection: socket connection from /127.0.0.1:57414 to /127.0.0.1:57415" [_thread_blocked, id=17720, stack(0x0000009c6fe00000,0x0000009c6ff00000)]
  0x000001f86e57d810 JavaThread "Stdin handler" [_thread_blocked, id=33376, stack(0x0000009c6ff00000,0x0000009c70000000)]
  0x000001f86e57bec0 JavaThread "Daemon client event forwarder" [_thread_blocked, id=21160, stack(0x0000009c70000000,0x0000009c70100000)]
  0x000001f86e57b4a0 JavaThread "Cache worker for journal cache (C:\Users\kei02\.gradle\caches\journal-1)" [_thread_blocked, id=23264, stack(0x0000009c70100000,0x0000009c70200000)]
  0x000001f86e57c3d0 JavaThread "File lock request listener" [_thread_in_native, id=2296, stack(0x0000009c70200000,0x0000009c70300000)]
  0x000001f86e57c8e0 JavaThread "Cache worker for file hash cache (C:\Users\kei02\.gradle\caches\8.8\fileHashes)" [_thread_blocked, id=32960, stack(0x0000009c70300000,0x0000009c70400000)]
  0x000001f86e57a060 JavaThread "Cache worker for file hash cache (D:\SpringCamp\MSA\Eureka\com.spring-cloud.eureka.server\server\.gradle\8.8\fileHashes)" [_thread_blocked, id=25300, stack(0x0000009c70700000,0x0000009c70800000)]
  0x000001f86e57a570 JavaThread "File watcher server" daemon [_thread_in_native, id=25644, stack(0x0000009c70600000,0x0000009c70700000)]
  0x000001f86eeb3eb0 JavaThread "File watcher consumer" daemon [_thread_blocked, id=34248, stack(0x0000009c70900000,0x0000009c70a00000)]
  0x000001f86eeb7660 JavaThread "jar transforms" [_thread_blocked, id=29352, stack(0x0000009c70b00000,0x0000009c70c00000)]
  0x000001f86eeb52f0 JavaThread "jar transforms Thread 2" [_thread_blocked, id=28692, stack(0x0000009c70c00000,0x0000009c70d00000)]
  0x000001f86eeb2050 JavaThread "jar transforms Thread 3" [_thread_blocked, id=33360, stack(0x0000009c70d00000,0x0000009c70e00000)]
  0x000001f86eeb7150 JavaThread "jar transforms Thread 4" [_thread_blocked, id=17084, stack(0x0000009c70e00000,0x0000009c70f00000)]
  0x000001f86eeb43c0 JavaThread "jar transforms Thread 5" [_thread_blocked, id=26944, stack(0x0000009c70f00000,0x0000009c71000000)]
  0x000001f86eeb6220 JavaThread "jar transforms Thread 6" [_thread_blocked, id=34328, stack(0x0000009c71000000,0x0000009c71100000)]
  0x000001f86eeb4de0 JavaThread "jar transforms Thread 7" [_thread_blocked, id=30864, stack(0x0000009c71100000,0x0000009c71200000)]
  0x000001f86eeb5d10 JavaThread "jar transforms Thread 8" [_thread_blocked, id=17168, stack(0x0000009c71200000,0x0000009c71300000)]
  0x000001f86eeb99d0 JavaThread "Cache worker for checksums cache (D:\SpringCamp\MSA\Eureka\com.spring-cloud.eureka.server\server\.gradle\8.8\checksums)" [_thread_blocked, id=28444, stack(0x0000009c70a00000,0x0000009c70b00000)]
  0x000001f86eeb6730 JavaThread "Cache worker for file content cache (C:\Users\kei02\.gradle\caches\8.8\fileContent)" [_thread_blocked, id=23400, stack(0x0000009c71300000,0x0000009c71400000)]
  0x000001f86eeb8aa0 JavaThread "Cache worker for cache directory md-rule (C:\Users\kei02\.gradle\caches\8.8\md-rule)" [_thread_blocked, id=18604, stack(0x0000009c71500000,0x0000009c71600000)]
  0x000001f86eeb5800 JavaThread "Cache worker for cache directory md-supplier (C:\Users\kei02\.gradle\caches\8.8\md-supplier)" [_thread_blocked, id=28548, stack(0x0000009c71600000,0x0000009c71700000)]
  0x000001f86eeb2a70 JavaThread "Unconstrained build operations" [_thread_blocked, id=34088, stack(0x0000009c71400000,0x0000009c71500000)]
  0x000001f86eeb8080 JavaThread "Unconstrained build operations Thread 2" [_thread_blocked, id=7428, stack(0x0000009c71700000,0x0000009c71800000)]
  0x000001f86eeb94c0 JavaThread "Unconstrained build operations Thread 3" [_thread_blocked, id=30900, stack(0x0000009c71a00000,0x0000009c71b00000)]
  0x000001f86eeb2f80 JavaThread "Unconstrained build operations Thread 4" [_thread_blocked, id=31960, stack(0x0000009c71b00000,0x0000009c71c00000)]
  0x000001f86eeb3490 JavaThread "Unconstrained build operations Thread 5" [_thread_blocked, id=13424, stack(0x0000009c71c00000,0x0000009c71d00000)]
  0x000001f86eeb39a0 JavaThread "Unconstrained build operations Thread 6" [_thread_blocked, id=6804, stack(0x0000009c71d00000,0x0000009c71e00000)]
  0x000001f87152eba0 JavaThread "Unconstrained build operations Thread 7" [_thread_blocked, id=30080, stack(0x0000009c71e00000,0x0000009c71f00000)]
  0x000001f87152dc70 JavaThread "Unconstrained build operations Thread 8" [_thread_blocked, id=31212, stack(0x0000009c71f00000,0x0000009c72000000)]
  0x000001f87152c830 JavaThread "Unconstrained build operations Thread 9" [_thread_blocked, id=21444, stack(0x0000009c72000000,0x0000009c72100000)]
  0x000001f87152cd40 JavaThread "Unconstrained build operations Thread 10" [_thread_blocked, id=24932, stack(0x0000009c72100000,0x0000009c72200000)]
  0x000001f87152d760 JavaThread "Unconstrained build operations Thread 11" [_thread_blocked, id=26504, stack(0x0000009c72200000,0x0000009c72300000)]
  0x000001f871530a00 JavaThread "Unconstrained build operations Thread 12" [_thread_blocked, id=25612, stack(0x0000009c72300000,0x0000009c72400000)]
  0x000001f87152d250 JavaThread "Unconstrained build operations Thread 13" [_thread_blocked, id=24864, stack(0x0000009c72400000,0x0000009c72500000)]
  0x000001f871531420 JavaThread "Unconstrained build operations Thread 14" [_thread_blocked, id=29008, stack(0x0000009c72500000,0x0000009c72600000)]
  0x000001f87152b900 JavaThread "Cache worker for Build Output Cleanup Cache (D:\SpringCamp\MSA\Eureka\com.spring-cloud.eureka.server\server\.gradle\buildOutputCleanup)" [_thread_blocked, id=28304, stack(0x0000009c6dd00000,0x0000009c6de00000)]
  0x000001f87152f0b0 JavaThread "Unconstrained build operations Thread 15" [_thread_blocked, id=19048, stack(0x0000009c72600000,0x0000009c72700000)]
  0x000001f87152e180 JavaThread "Unconstrained build operations Thread 16" [_thread_blocked, id=27116, stack(0x0000009c72700000,0x0000009c72800000)]
  0x000001f871531930 JavaThread "Unconstrained build operations Thread 17" [_thread_blocked, id=12544, stack(0x0000009c72800000,0x0000009c72900000)]
  0x000001f871532350 JavaThread "Unconstrained build operations Thread 18" [_thread_blocked, id=30976, stack(0x0000009c72900000,0x0000009c72a00000)]
  0x000001f87152e690 JavaThread "Unconstrained build operations Thread 19" [_thread_blocked, id=34572, stack(0x0000009c72a00000,0x0000009c72b00000)]
  0x000001f87152c320 JavaThread "Unconstrained build operations Thread 20" [_thread_blocked, id=13640, stack(0x0000009c72b00000,0x0000009c72c00000)]
  0x000001f87152f5c0 JavaThread "Unconstrained build operations Thread 21" [_thread_blocked, id=24672, stack(0x0000009c72c00000,0x0000009c72d00000)]
  0x000001f87152fad0 JavaThread "Unconstrained build operations Thread 22" [_thread_blocked, id=27544, stack(0x0000009c72d00000,0x0000009c72e00000)]
  0x000001f871532860 JavaThread "Unconstrained build operations Thread 23" [_thread_blocked, id=27676, stack(0x0000009c72e00000,0x0000009c72f00000)]
  0x000001f87152be10 JavaThread "Unconstrained build operations Thread 24" [_thread_blocked, id=19988, stack(0x0000009c72f00000,0x0000009c73000000)]
  0x000001f87152ffe0 JavaThread "Unconstrained build operations Thread 25" [_thread_blocked, id=28700, stack(0x0000009c73000000,0x0000009c73100000)]
  0x000001f871532d70 JavaThread "Unconstrained build operations Thread 26" [_thread_blocked, id=12092, stack(0x0000009c73100000,0x0000009c73200000)]
  0x000001f8715304f0 JavaThread "Unconstrained build operations Thread 27" [_thread_blocked, id=32980, stack(0x0000009c73200000,0x0000009c73300000)]
  0x000001f871533280 JavaThread "Unconstrained build operations Thread 28" [_thread_blocked, id=24348, stack(0x0000009c73300000,0x0000009c73400000)]
  0x000001f87045efd0 JavaThread "Unconstrained build operations Thread 29" [_thread_blocked, id=26688, stack(0x0000009c73400000,0x0000009c73500000)]
  0x000001f8704599c0 JavaThread "Unconstrained build operations Thread 30" [_thread_blocked, id=20740, stack(0x0000009c73500000,0x0000009c73600000)]
  0x000001f87045a3e0 JavaThread "Unconstrained build operations Thread 31" [_thread_blocked, id=15316, stack(0x0000009c73600000,0x0000009c73700000)]
  0x000001f87045e5b0 JavaThread "Unconstrained build operations Thread 32" [_thread_blocked, id=31632, stack(0x0000009c73700000,0x0000009c73800000)]
  0x000001f87045eac0 JavaThread "Unconstrained build operations Thread 33" [_thread_blocked, id=25704, stack(0x0000009c73800000,0x0000009c73900000)]
  0x000001f87045a8f0 JavaThread "Unconstrained build operations Thread 34" [_thread_blocked, id=33348, stack(0x0000009c73900000,0x0000009c73a00000)]
  0x000001f87045e0a0 JavaThread "Unconstrained build operations Thread 35" [_thread_blocked, id=33472, stack(0x0000009c73a00000,0x0000009c73b00000)]
  0x000001f870459ed0 JavaThread "Memory manager" [_thread_blocked, id=10860, stack(0x0000009c73d00000,0x0000009c73e00000)]
  0x000001f87045f4e0 JavaThread "included builds" [_thread_blocked, id=9184, stack(0x0000009c73e00000,0x0000009c73f00000)]
  0x000001f870458070 JavaThread "Execution worker" [_thread_blocked, id=9688, stack(0x0000009c73f00000,0x0000009c74000000)]
  0x000001f87045b310 JavaThread "Execution worker Thread 2" [_thread_blocked, id=32480, stack(0x0000009c74000000,0x0000009c74100000)]
  0x000001f87045f9f0 JavaThread "Execution worker Thread 3" [_thread_blocked, id=9064, stack(0x0000009c74100000,0x0000009c74200000)]
  0x000001f870458580 JavaThread "Execution worker Thread 4" [_thread_in_vm, id=29704, stack(0x0000009c74200000,0x0000009c74300000)]
  0x000001f87045ae00 JavaThread "Execution worker Thread 5" [_thread_blocked, id=29272, stack(0x0000009c74300000,0x0000009c74400000)]
  0x000001f870458a90 JavaThread "Execution worker Thread 6" [_thread_blocked, id=29404, stack(0x0000009c74400000,0x0000009c74500000)]
  0x000001f87045cc60 JavaThread "Execution worker Thread 7" [_thread_blocked, id=17028, stack(0x0000009c74500000,0x0000009c74600000)]
  0x000001f870ed5b00 JavaThread "C2 CompilerThread1" daemon [_thread_in_native, id=30824, stack(0x0000009c74600000,0x0000009c74700000)]

Other Threads:
  0x000001f854dfc150 VMThread "VM Thread" [stack: 0x0000009c6e500000,0x0000009c6e600000] [id=21872]
  0x000001f83a28d1e0 WatcherThread [stack: 0x0000009c6f100000,0x0000009c6f200000] [id=15808]
  0x000001f83a2bad40 GCTaskThread "GC Thread#0" [stack: 0x0000009c6e000000,0x0000009c6e100000] [id=25068]
  0x000001f86ebad7b0 GCTaskThread "GC Thread#1" [stack: 0x0000009c6f400000,0x0000009c6f500000] [id=1828]
  0x000001f86f380200 GCTaskThread "GC Thread#2" [stack: 0x0000009c6f500000,0x0000009c6f600000] [id=31312]
  0x000001f86ee39570 GCTaskThread "GC Thread#3" [stack: 0x0000009c6f600000,0x0000009c6f700000] [id=24948]
  0x000001f86ee39830 GCTaskThread "GC Thread#4" [stack: 0x0000009c6f700000,0x0000009c6f800000] [id=34164]
  0x000001f86ec1c040 GCTaskThread "GC Thread#5" [stack: 0x0000009c6f800000,0x0000009c6f900000] [id=26604]
  0x000001f87032a410 GCTaskThread "GC Thread#6" [stack: 0x0000009c70400000,0x0000009c70500000] [id=22500]
  0x000001f870b89840 GCTaskThread "GC Thread#7" [stack: 0x0000009c70500000,0x0000009c70600000] [id=15960]
  0x000001f83a2bfc90 ConcurrentGCThread "G1 Main Marker" [stack: 0x0000009c6e100000,0x0000009c6e200000] [id=20428]
  0x000001f83a2c06b0 ConcurrentGCThread "G1 Conc#0" [stack: 0x0000009c6e200000,0x0000009c6e300000] [id=3232]
  0x000001f86e6596d0 ConcurrentGCThread "G1 Conc#1" [stack: 0x0000009c70800000,0x0000009c70900000] [id=33872]
  0x000001f83a33e340 ConcurrentGCThread "G1 Refine#0" [stack: 0x0000009c6e300000,0x0000009c6e400000] [id=12924]
  0x000001f8706f0600 ConcurrentGCThread "G1 Refine#1" [stack: 0x0000009c71800000,0x0000009c71900000] [id=34272]
  0x000001f8706f1d80 ConcurrentGCThread "G1 Refine#2" [stack: 0x0000009c71900000,0x0000009c71a00000] [id=24596]
  0x000001f854cbc120 ConcurrentGCThread "G1 Service" [stack: 0x0000009c6e400000,0x0000009c6e500000] [id=16476]

Threads with active compile tasks:
C2 CompilerThread0    43373 6750       4       java.util.TreeMap::put (8 bytes)
C2 CompilerThread1    43373 6773   !   4       sun.instrument.TransformerManager::transform (100 bytes)

VM state: not at safepoint (normal execution)

VM Mutex/Monitor currently owned by a thread: None

Heap address: 0x00000000e0000000, size: 512 MB, Compressed Oops mode: 32-bit

CDS archive(s) mapped at: [0x000001f855000000-0x000001f855bb0000-0x000001f855bb0000), size 12255232, SharedBaseAddress: 0x000001f855000000, ArchiveRelocationMode: 1.
Compressed class space mapped at: 0x000001f856000000-0x000001f86a000000, reserved size: 335544320
Narrow klass base: 0x000001f855000000, Narrow klass shift: 0, Narrow klass range: 0x100000000

GC Precious Log:
 CPUs: 8 total, 8 available
 Memory: 8048M
 Large Page Support: Disabled
 NUMA Support: Disabled
 Compressed Oops: Enabled (32-bit)
 Heap Region Size: 1M
 Heap Min Capacity: 256M
 Heap Initial Capacity: 256M
 Heap Max Capacity: 512M
 Pre-touch: Disabled
 Parallel Workers: 8
 Concurrent Workers: 2
 Concurrent Refinement Workers: 8
 Periodic GC: Disabled

Heap:
 garbage-first heap   total 262144K, used 165985K [0x00000000e0000000, 0x0000000100000000)
  region size 1024K, 95 young (97280K), 11 survivors (11264K)
 Metaspace       used 53193K, committed 53888K, reserved 393216K
  class space    used 7611K, committed 7936K, reserved 327680K

Heap Regions: E=young(eden), S=young(survivor), O=old, HS=humongous(starts), HC=humongous(continues), CS=collection set, F=free, OA=open archive, CA=closed archive, TAMS=top-at-mark-start (previous, next)
|   0|0x00000000e0000000, 0x00000000e0100000, 0x00000000e0100000|100%|HS|  |TAMS 0x00000000e0100000, 0x00000000e0000000| Complete 
|   1|0x00000000e0100000, 0x00000000e0200000, 0x00000000e0200000|100%|HC|  |TAMS 0x00000000e0200000, 0x00000000e0100000| Complete 
|   2|0x00000000e0200000, 0x00000000e0300000, 0x00000000e0300000|100%|HC|  |TAMS 0x00000000e0300000, 0x00000000e0200000| Complete 
|   3|0x00000000e0300000, 0x00000000e0400000, 0x00000000e0400000|100%|HC|  |TAMS 0x00000000e0400000, 0x00000000e0300000| Complete 
|   4|0x00000000e0400000, 0x00000000e0500000, 0x00000000e0500000|100%| O|  |TAMS 0x00000000e0500000, 0x00000000e0400000| Untracked 
|   5|0x00000000e0500000, 0x00000000e0600000, 0x00000000e0600000|100%| O|  |TAMS 0x00000000e0600000, 0x00000000e0500000| Untracked 
|   6|0x00000000e0600000, 0x00000000e0700000, 0x00000000e0700000|100%| O|  |TAMS 0x00000000e0700000, 0x00000000e0600000| Untracked 
|   7|0x00000000e0700000, 0x00000000e0800000, 0x00000000e0800000|100%| O|  |TAMS 0x00000000e0800000, 0x00000000e0700000| Untracked 
|   8|0x00000000e0800000, 0x00000000e0900000, 0x00000000e0900000|100%| O|  |TAMS 0x00000000e0900000, 0x00000000e0800000| Untracked 
|   9|0x00000000e0900000, 0x00000000e0900000, 0x00000000e0a00000|  0%| F|  |TAMS 0x00000000e0900000, 0x00000000e0900000| Untracked 
|  10|0x00000000e0a00000, 0x00000000e0b00000, 0x00000000e0b00000|100%| O|  |TAMS 0x00000000e0b00000, 0x00000000e0a00000| Untracked 
|  11|0x00000000e0b00000, 0x00000000e0c00000, 0x00000000e0c00000|100%|HS|  |TAMS 0x00000000e0c00000, 0x00000000e0b00000| Complete 
|  12|0x00000000e0c00000, 0x00000000e0d00000, 0x00000000e0d00000|100%| O|  |TAMS 0x00000000e0d00000, 0x00000000e0c00000| Untracked 
|  13|0x00000000e0d00000, 0x00000000e0e00000, 0x00000000e0e00000|100%|HS|  |TAMS 0x00000000e0e00000, 0x00000000e0d00000| Complete 
|  14|0x00000000e0e00000, 0x00000000e0f00000, 0x00000000e0f00000|100%|HC|  |TAMS 0x00000000e0f00000, 0x00000000e0e00000| Complete 
|  15|0x00000000e0f00000, 0x00000000e1000000, 0x00000000e1000000|100%|HC|  |TAMS 0x00000000e1000000, 0x00000000e0f00000| Complete 
|  16|0x00000000e1000000, 0x00000000e1100000, 0x00000000e1100000|100%|HC|  |TAMS 0x00000000e1100000, 0x00000000e1000000| Complete 
|  17|0x00000000e1100000, 0x00000000e1200000, 0x00000000e1200000|100%|HC|  |TAMS 0x00000000e1200000, 0x00000000e1100000| Complete 
|  18|0x00000000e1200000, 0x00000000e1300000, 0x00000000e1300000|100%|HS|  |TAMS 0x00000000e1300000, 0x00000000e1200000| Complete 
|  19|0x00000000e1300000, 0x00000000e1400000, 0x00000000e1400000|100%|HC|  |TAMS 0x00000000e1400000, 0x00000000e1300000| Complete 
|  20|0x00000000e1400000, 0x00000000e1500000, 0x00000000e1500000|100%|HC|  |TAMS 0x00000000e1500000, 0x00000000e1400000| Complete 
|  21|0x00000000e1500000, 0x00000000e1600000, 0x00000000e1600000|100%|HS|  |TAMS 0x00000000e1600000, 0x00000000e1500000| Complete 
|  22|0x00000000e1600000, 0x00000000e1700000, 0x00000000e1700000|100%|HC|  |TAMS 0x00000000e1700000, 0x00000000e1600000| Complete 
|  23|0x00000000e1700000, 0x00000000e1800000, 0x00000000e1800000|100%|HC|  |TAMS 0x00000000e1800000, 0x00000000e1700000| Complete 
|  24|0x00000000e1800000, 0x00000000e1900000, 0x00000000e1900000|100%| O|  |TAMS 0x00000000e1900000, 0x00000000e1800000| Untracked 
|  25|0x00000000e1900000, 0x00000000e1a00000, 0x00000000e1a00000|100%| O|  |TAMS 0x00000000e1a00000, 0x00000000e1900000| Untracked 
|  26|0x00000000e1a00000, 0x00000000e1b00000, 0x00000000e1b00000|100%| O|  |TAMS 0x00000000e1b00000, 0x00000000e1a00000| Untracked 
|  27|0x00000000e1b00000, 0x00000000e1c00000, 0x00000000e1c00000|100%| O|  |TAMS 0x00000000e1c00000, 0x00000000e1b00000| Untracked 
|  28|0x00000000e1c00000, 0x00000000e1d00000, 0x00000000e1d00000|100%| O|  |TAMS 0x00000000e1d00000, 0x00000000e1c00000| Untracked 
|  29|0x00000000e1d00000, 0x00000000e1e00000, 0x00000000e1e00000|100%| O|  |TAMS 0x00000000e1e00000, 0x00000000e1d00000| Untracked 
|  30|0x00000000e1e00000, 0x00000000e1f00000, 0x00000000e1f00000|100%| O|  |TAMS 0x00000000e1f00000, 0x00000000e1e00000| Untracked 
|  31|0x00000000e1f00000, 0x00000000e2000000, 0x00000000e2000000|100%| O|  |TAMS 0x00000000e2000000, 0x00000000e1f00000| Untracked 
|  32|0x00000000e2000000, 0x00000000e2100000, 0x00000000e2100000|100%| O|  |TAMS 0x00000000e2100000, 0x00000000e2000000| Untracked 
|  33|0x00000000e2100000, 0x00000000e2200000, 0x00000000e2200000|100%| O|  |TAMS 0x00000000e2200000, 0x00000000e2100000| Untracked 
|  34|0x00000000e2200000, 0x00000000e2300000, 0x00000000e2300000|100%| O|  |TAMS 0x00000000e2300000, 0x00000000e2200000| Untracked 
|  35|0x00000000e2300000, 0x00000000e2400000, 0x00000000e2400000|100%| O|  |TAMS 0x00000000e2400000, 0x00000000e2300000| Untracked 
|  36|0x00000000e2400000, 0x00000000e2500000, 0x00000000e2500000|100%| O|  |TAMS 0x00000000e2500000, 0x00000000e2400000| Untracked 
|  37|0x00000000e2500000, 0x00000000e2600000, 0x00000000e2600000|100%| O|  |TAMS 0x00000000e2600000, 0x00000000e2500000| Untracked 
|  38|0x00000000e2600000, 0x00000000e2700000, 0x00000000e2700000|100%| O|  |TAMS 0x00000000e2700000, 0x00000000e2600000| Untracked 
|  39|0x00000000e2700000, 0x00000000e2800000, 0x00000000e2800000|100%| O|  |TAMS 0x00000000e2800000, 0x00000000e2700000| Untracked 
|  40|0x00000000e2800000, 0x00000000e2900000, 0x00000000e2900000|100%| O|  |TAMS 0x00000000e2900000, 0x00000000e2800000| Untracked 
|  41|0x00000000e2900000, 0x00000000e2a00000, 0x00000000e2a00000|100%| O|  |TAMS 0x00000000e2a00000, 0x00000000e2900000| Untracked 
|  42|0x00000000e2a00000, 0x00000000e2b00000, 0x00000000e2b00000|100%| O|  |TAMS 0x00000000e2b00000, 0x00000000e2a00000| Untracked 
|  43|0x00000000e2b00000, 0x00000000e2c00000, 0x00000000e2c00000|100%| O|  |TAMS 0x00000000e2c00000, 0x00000000e2b00000| Untracked 
|  44|0x00000000e2c00000, 0x00000000e2d00000, 0x00000000e2d00000|100%| O|  |TAMS 0x00000000e2d00000, 0x00000000e2c00000| Untracked 
|  45|0x00000000e2d00000, 0x00000000e2d42400, 0x00000000e2e00000| 25%| O|  |TAMS 0x00000000e2d42400, 0x00000000e2d00000| Untracked 
|  46|0x00000000e2e00000, 0x00000000e2f00000, 0x00000000e2f00000|100%|HS|  |TAMS 0x00000000e2e00000, 0x00000000e2e00000| Complete 
|  47|0x00000000e2f00000, 0x00000000e3000000, 0x00000000e3000000|100%|HC|  |TAMS 0x00000000e2f00000, 0x00000000e2f00000| Complete 
|  48|0x00000000e3000000, 0x00000000e3100000, 0x00000000e3100000|100%|HC|  |TAMS 0x00000000e3000000, 0x00000000e3000000| Complete 
|  49|0x00000000e3100000, 0x00000000e3200000, 0x00000000e3200000|100%|HC|  |TAMS 0x00000000e3100000, 0x00000000e3100000| Complete 
|  50|0x00000000e3200000, 0x00000000e3300000, 0x00000000e3300000|100%|HC|  |TAMS 0x00000000e3200000, 0x00000000e3200000| Complete 
|  51|0x00000000e3300000, 0x00000000e3400000, 0x00000000e3400000|100%|HS|  |TAMS 0x00000000e3300000, 0x00000000e3300000| Complete 
|  52|0x00000000e3400000, 0x00000000e3500000, 0x00000000e3500000|100%|HC|  |TAMS 0x00000000e3400000, 0x00000000e3400000| Complete 
|  53|0x00000000e3500000, 0x00000000e3600000, 0x00000000e3600000|100%|HC|  |TAMS 0x00000000e3500000, 0x00000000e3500000| Complete 
|  54|0x00000000e3600000, 0x00000000e3700000, 0x00000000e3700000|100%|HS|  |TAMS 0x00000000e3600000, 0x00000000e3600000| Complete 
|  55|0x00000000e3700000, 0x00000000e3800000, 0x00000000e3800000|100%|HC|  |TAMS 0x00000000e3700000, 0x00000000e3700000| Complete 
|  56|0x00000000e3800000, 0x00000000e3900000, 0x00000000e3900000|100%|HC|  |TAMS 0x00000000e3800000, 0x00000000e3800000| Complete 
|  57|0x00000000e3900000, 0x00000000e3a00000, 0x00000000e3a00000|100%|HC|  |TAMS 0x00000000e3900000, 0x00000000e3900000| Complete 
|  58|0x00000000e3a00000, 0x00000000e3b00000, 0x00000000e3b00000|100%|HC|  |TAMS 0x00000000e3a00000, 0x00000000e3a00000| Complete 
|  59|0x00000000e3b00000, 0x00000000e3c00000, 0x00000000e3c00000|100%|HS|  |TAMS 0x00000000e3b00000, 0x00000000e3b00000| Complete 
|  60|0x00000000e3c00000, 0x00000000e3d00000, 0x00000000e3d00000|100%|HC|  |TAMS 0x00000000e3c00000, 0x00000000e3c00000| Complete 
|  61|0x00000000e3d00000, 0x00000000e3e00000, 0x00000000e3e00000|100%|HC|  |TAMS 0x00000000e3d00000, 0x00000000e3d00000| Complete 
|  62|0x00000000e3e00000, 0x00000000e3f00000, 0x00000000e3f00000|100%|HC|  |TAMS 0x00000000e3e00000, 0x00000000e3e00000| Complete 
|  63|0x00000000e3f00000, 0x00000000e4000000, 0x00000000e4000000|100%|HC|  |TAMS 0x00000000e3f00000, 0x00000000e3f00000| Complete 
|  64|0x00000000e4000000, 0x00000000e4100000, 0x00000000e4100000|100%|HS|  |TAMS 0x00000000e4000000, 0x00000000e4000000| Complete 
|  65|0x00000000e4100000, 0x00000000e4200000, 0x00000000e4200000|100%|HC|  |TAMS 0x00000000e4100000, 0x00000000e4100000| Complete 
|  66|0x00000000e4200000, 0x00000000e4300000, 0x00000000e4300000|100%|HC|  |TAMS 0x00000000e4200000, 0x00000000e4200000| Complete 
|  67|0x00000000e4300000, 0x00000000e4400000, 0x00000000e4400000|100%|HS|  |TAMS 0x00000000e4300000, 0x00000000e4300000| Complete 
|  68|0x00000000e4400000, 0x00000000e4500000, 0x00000000e4500000|100%|HC|  |TAMS 0x00000000e4400000, 0x00000000e4400000| Complete 
|  69|0x00000000e4500000, 0x00000000e4600000, 0x00000000e4600000|100%|HC|  |TAMS 0x00000000e4500000, 0x00000000e4500000| Complete 
|  70|0x00000000e4600000, 0x00000000e4600000, 0x00000000e4700000|  0%| F|  |TAMS 0x00000000e4600000, 0x00000000e4600000| Untracked 
|  71|0x00000000e4700000, 0x00000000e4700000, 0x00000000e4800000|  0%| F|  |TAMS 0x00000000e4700000, 0x00000000e4700000| Untracked 
|  72|0x00000000e4800000, 0x00000000e4800000, 0x00000000e4900000|  0%| F|  |TAMS 0x00000000e4800000, 0x00000000e4800000| Untracked 
|  73|0x00000000e4900000, 0x00000000e4900000, 0x00000000e4a00000|  0%| F|  |TAMS 0x00000000e4900000, 0x00000000e4900000| Untracked 
|  74|0x00000000e4a00000, 0x00000000e4a00000, 0x00000000e4b00000|  0%| F|  |TAMS 0x00000000e4a00000, 0x00000000e4a00000| Untracked 
|  75|0x00000000e4b00000, 0x00000000e4b00000, 0x00000000e4c00000|  0%| F|  |TAMS 0x00000000e4b00000, 0x00000000e4b00000| Untracked 
|  76|0x00000000e4c00000, 0x00000000e4c00000, 0x00000000e4d00000|  0%| F|  |TAMS 0x00000000e4c00000, 0x00000000e4c00000| Untracked 
|  77|0x00000000e4d00000, 0x00000000e4d00000, 0x00000000e4e00000|  0%| F|  |TAMS 0x00000000e4d00000, 0x00000000e4d00000| Untracked 
|  78|0x00000000e4e00000, 0x00000000e4e00000, 0x00000000e4f00000|  0%| F|  |TAMS 0x00000000e4e00000, 0x00000000e4e00000| Untracked 
|  79|0x00000000e4f00000, 0x00000000e4f00000, 0x00000000e5000000|  0%| F|  |TAMS 0x00000000e4f00000, 0x00000000e4f00000| Untracked 
|  80|0x00000000e5000000, 0x00000000e5000000, 0x00000000e5100000|  0%| F|  |TAMS 0x00000000e5000000, 0x00000000e5000000| Untracked 
|  81|0x00000000e5100000, 0x00000000e5100000, 0x00000000e5200000|  0%| F|  |TAMS 0x00000000e5100000, 0x00000000e5100000| Untracked 
|  82|0x00000000e5200000, 0x00000000e5200000, 0x00000000e5300000|  0%| F|  |TAMS 0x00000000e5200000, 0x00000000e5200000| Untracked 
|  83|0x00000000e5300000, 0x00000000e5300000, 0x00000000e5400000|  0%| F|  |TAMS 0x00000000e5300000, 0x00000000e5300000| Untracked 
|  84|0x00000000e5400000, 0x00000000e5400000, 0x00000000e5500000|  0%| F|  |TAMS 0x00000000e5400000, 0x00000000e5400000| Untracked 
|  85|0x00000000e5500000, 0x00000000e5500000, 0x00000000e5600000|  0%| F|  |TAMS 0x00000000e5500000, 0x00000000e5500000| Untracked 
|  86|0x00000000e5600000, 0x00000000e5600000, 0x00000000e5700000|  0%| F|  |TAMS 0x00000000e5600000, 0x00000000e5600000| Untracked 
|  87|0x00000000e5700000, 0x00000000e5700000, 0x00000000e5800000|  0%| F|  |TAMS 0x00000000e5700000, 0x00000000e5700000| Untracked 
|  88|0x00000000e5800000, 0x00000000e5800000, 0x00000000e5900000|  0%| F|  |TAMS 0x00000000e5800000, 0x00000000e5800000| Untracked 
|  89|0x00000000e5900000, 0x00000000e5900000, 0x00000000e5a00000|  0%| F|  |TAMS 0x00000000e5900000, 0x00000000e5900000| Untracked 
|  90|0x00000000e5a00000, 0x00000000e5a00000, 0x00000000e5b00000|  0%| F|  |TAMS 0x00000000e5a00000, 0x00000000e5a00000| Untracked 
|  91|0x00000000e5b00000, 0x00000000e5b00000, 0x00000000e5c00000|  0%| F|  |TAMS 0x00000000e5b00000, 0x00000000e5b00000| Untracked 
|  92|0x00000000e5c00000, 0x00000000e5c00000, 0x00000000e5d00000|  0%| F|  |TAMS 0x00000000e5c00000, 0x00000000e5c00000| Untracked 
|  93|0x00000000e5d00000, 0x00000000e5d00000, 0x00000000e5e00000|  0%| F|  |TAMS 0x00000000e5d00000, 0x00000000e5d00000| Untracked 
|  94|0x00000000e5e00000, 0x00000000e5e00000, 0x00000000e5f00000|  0%| F|  |TAMS 0x00000000e5e00000, 0x00000000e5e00000| Untracked 
|  95|0x00000000e5f00000, 0x00000000e5f00000, 0x00000000e6000000|  0%| F|  |TAMS 0x00000000e5f00000, 0x00000000e5f00000| Untracked 
|  96|0x00000000e6000000, 0x00000000e6000000, 0x00000000e6100000|  0%| F|  |TAMS 0x00000000e6000000, 0x00000000e6000000| Untracked 
|  97|0x00000000e6100000, 0x00000000e6100000, 0x00000000e6200000|  0%| F|  |TAMS 0x00000000e6100000, 0x00000000e6100000| Untracked 
|  98|0x00000000e6200000, 0x00000000e6200000, 0x00000000e6300000|  0%| F|  |TAMS 0x00000000e6200000, 0x00000000e6200000| Untracked 
|  99|0x00000000e6300000, 0x00000000e6300000, 0x00000000e6400000|  0%| F|  |TAMS 0x00000000e6300000, 0x00000000e6300000| Untracked 
| 100|0x00000000e6400000, 0x00000000e6400000, 0x00000000e6500000|  0%| F|  |TAMS 0x00000000e6400000, 0x00000000e6400000| Untracked 
| 101|0x00000000e6500000, 0x00000000e6500000, 0x00000000e6600000|  0%| F|  |TAMS 0x00000000e6500000, 0x00000000e6500000| Untracked 
| 102|0x00000000e6600000, 0x00000000e6600000, 0x00000000e6700000|  0%| F|  |TAMS 0x00000000e6600000, 0x00000000e6600000| Untracked 
| 103|0x00000000e6700000, 0x00000000e6700000, 0x00000000e6800000|  0%| F|  |TAMS 0x00000000e6700000, 0x00000000e6700000| Untracked 
| 104|0x00000000e6800000, 0x00000000e6800000, 0x00000000e6900000|  0%| F|  |TAMS 0x00000000e6800000, 0x00000000e6800000| Untracked 
| 105|0x00000000e6900000, 0x00000000e6900000, 0x00000000e6a00000|  0%| F|  |TAMS 0x00000000e6900000, 0x00000000e6900000| Untracked 
| 106|0x00000000e6a00000, 0x00000000e6a00000, 0x00000000e6b00000|  0%| F|  |TAMS 0x00000000e6a00000, 0x00000000e6a00000| Untracked 
| 107|0x00000000e6b00000, 0x00000000e6bd6290, 0x00000000e6c00000| 83%| S|CS|TAMS 0x00000000e6b00000, 0x00000000e6b00000| Complete 
| 108|0x00000000e6c00000, 0x00000000e6d00000, 0x00000000e6d00000|100%| S|CS|TAMS 0x00000000e6c00000, 0x00000000e6c00000| Complete 
| 109|0x00000000e6d00000, 0x00000000e6e00000, 0x00000000e6e00000|100%| S|CS|TAMS 0x00000000e6d00000, 0x00000000e6d00000| Complete 
| 110|0x00000000e6e00000, 0x00000000e6f00000, 0x00000000e6f00000|100%| S|CS|TAMS 0x00000000e6e00000, 0x00000000e6e00000| Complete 
| 111|0x00000000e6f00000, 0x00000000e7000000, 0x00000000e7000000|100%| S|CS|TAMS 0x00000000e6f00000, 0x00000000e6f00000| Complete 
| 112|0x00000000e7000000, 0x00000000e7100000, 0x00000000e7100000|100%| S|CS|TAMS 0x00000000e7000000, 0x00000000e7000000| Complete 
| 113|0x00000000e7100000, 0x00000000e7200000, 0x00000000e7200000|100%| S|CS|TAMS 0x00000000e7100000, 0x00000000e7100000| Complete 
| 114|0x00000000e7200000, 0x00000000e7300000, 0x00000000e7300000|100%| S|CS|TAMS 0x00000000e7200000, 0x00000000e7200000| Complete 
| 115|0x00000000e7300000, 0x00000000e7400000, 0x00000000e7400000|100%| S|CS|TAMS 0x00000000e7300000, 0x00000000e7300000| Complete 
| 116|0x00000000e7400000, 0x00000000e7500000, 0x00000000e7500000|100%| S|CS|TAMS 0x00000000e7400000, 0x00000000e7400000| Complete 
| 117|0x00000000e7500000, 0x00000000e7600000, 0x00000000e7600000|100%| S|CS|TAMS 0x00000000e7500000, 0x00000000e7500000| Complete 
| 118|0x00000000e7600000, 0x00000000e7600000, 0x00000000e7700000|  0%| F|  |TAMS 0x00000000e7600000, 0x00000000e7600000| Untracked 
| 119|0x00000000e7700000, 0x00000000e7700000, 0x00000000e7800000|  0%| F|  |TAMS 0x00000000e7700000, 0x00000000e7700000| Untracked 
| 120|0x00000000e7800000, 0x00000000e7800000, 0x00000000e7900000|  0%| F|  |TAMS 0x00000000e7800000, 0x00000000e7800000| Untracked 
| 121|0x00000000e7900000, 0x00000000e7900000, 0x00000000e7a00000|  0%| F|  |TAMS 0x00000000e7900000, 0x00000000e7900000| Untracked 
| 122|0x00000000e7a00000, 0x00000000e7a00000, 0x00000000e7b00000|  0%| F|  |TAMS 0x00000000e7a00000, 0x00000000e7a00000| Untracked 
| 123|0x00000000e7b00000, 0x00000000e7b00000, 0x00000000e7c00000|  0%| F|  |TAMS 0x00000000e7b00000, 0x00000000e7b00000| Untracked 
| 124|0x00000000e7c00000, 0x00000000e7c00000, 0x00000000e7d00000|  0%| F|  |TAMS 0x00000000e7c00000, 0x00000000e7c00000| Untracked 
| 125|0x00000000e7d00000, 0x00000000e7d00000, 0x00000000e7e00000|  0%| F|  |TAMS 0x00000000e7d00000, 0x00000000e7d00000| Untracked 
| 126|0x00000000e7e00000, 0x00000000e7e00000, 0x00000000e7f00000|  0%| F|  |TAMS 0x00000000e7e00000, 0x00000000e7e00000| Untracked 
| 127|0x00000000e7f00000, 0x00000000e7f00000, 0x00000000e8000000|  0%| F|  |TAMS 0x00000000e7f00000, 0x00000000e7f00000| Untracked 
| 128|0x00000000e8000000, 0x00000000e8000000, 0x00000000e8100000|  0%| F|  |TAMS 0x00000000e8000000, 0x00000000e8000000| Untracked 
| 129|0x00000000e8100000, 0x00000000e8100000, 0x00000000e8200000|  0%| F|  |TAMS 0x00000000e8100000, 0x00000000e8100000| Untracked 
| 130|0x00000000e8200000, 0x00000000e8200000, 0x00000000e8300000|  0%| F|  |TAMS 0x00000000e8200000, 0x00000000e8200000| Untracked 
| 131|0x00000000e8300000, 0x00000000e8300000, 0x00000000e8400000|  0%| F|  |TAMS 0x00000000e8300000, 0x00000000e8300000| Untracked 
| 132|0x00000000e8400000, 0x00000000e8400000, 0x00000000e8500000|  0%| F|  |TAMS 0x00000000e8400000, 0x00000000e8400000| Untracked 
| 133|0x00000000e8500000, 0x00000000e8500000, 0x00000000e8600000|  0%| F|  |TAMS 0x00000000e8500000, 0x00000000e8500000| Untracked 
| 134|0x00000000e8600000, 0x00000000e8600000, 0x00000000e8700000|  0%| F|  |TAMS 0x00000000e8600000, 0x00000000e8600000| Untracked 
| 135|0x00000000e8700000, 0x00000000e8700000, 0x00000000e8800000|  0%| F|  |TAMS 0x00000000e8700000, 0x00000000e8700000| Untracked 
| 136|0x00000000e8800000, 0x00000000e8800000, 0x00000000e8900000|  0%| F|  |TAMS 0x00000000e8800000, 0x00000000e8800000| Untracked 
| 137|0x00000000e8900000, 0x00000000e8900000, 0x00000000e8a00000|  0%| F|  |TAMS 0x00000000e8900000, 0x00000000e8900000| Untracked 
| 138|0x00000000e8a00000, 0x00000000e8a00000, 0x00000000e8b00000|  0%| F|  |TAMS 0x00000000e8a00000, 0x00000000e8a00000| Untracked 
| 139|0x00000000e8b00000, 0x00000000e8b00000, 0x00000000e8c00000|  0%| F|  |TAMS 0x00000000e8b00000, 0x00000000e8b00000| Untracked 
| 140|0x00000000e8c00000, 0x00000000e8c00000, 0x00000000e8d00000|  0%| F|  |TAMS 0x00000000e8c00000, 0x00000000e8c00000| Untracked 
| 141|0x00000000e8d00000, 0x00000000e8d00000, 0x00000000e8e00000|  0%| F|  |TAMS 0x00000000e8d00000, 0x00000000e8d00000| Untracked 
| 142|0x00000000e8e00000, 0x00000000e8e00000, 0x00000000e8f00000|  0%| F|  |TAMS 0x00000000e8e00000, 0x00000000e8e00000| Untracked 
| 143|0x00000000e8f00000, 0x00000000e8f00000, 0x00000000e9000000|  0%| F|  |TAMS 0x00000000e8f00000, 0x00000000e8f00000| Untracked 
| 144|0x00000000e9000000, 0x00000000e9000000, 0x00000000e9100000|  0%| F|  |TAMS 0x00000000e9000000, 0x00000000e9000000| Untracked 
| 145|0x00000000e9100000, 0x00000000e9100000, 0x00000000e9200000|  0%| F|  |TAMS 0x00000000e9100000, 0x00000000e9100000| Untracked 
| 146|0x00000000e9200000, 0x00000000e9200000, 0x00000000e9300000|  0%| F|  |TAMS 0x00000000e9200000, 0x00000000e9200000| Untracked 
| 147|0x00000000e9300000, 0x00000000e9300000, 0x00000000e9400000|  0%| F|  |TAMS 0x00000000e9300000, 0x00000000e9300000| Untracked 
| 148|0x00000000e9400000, 0x00000000e9400000, 0x00000000e9500000|  0%| F|  |TAMS 0x00000000e9400000, 0x00000000e9400000| Untracked 
| 149|0x00000000e9500000, 0x00000000e9500000, 0x00000000e9600000|  0%| F|  |TAMS 0x00000000e9500000, 0x00000000e9500000| Untracked 
| 150|0x00000000e9600000, 0x00000000e9600000, 0x00000000e9700000|  0%| F|  |TAMS 0x00000000e9600000, 0x00000000e9600000| Untracked 
| 151|0x00000000e9700000, 0x00000000e9700000, 0x00000000e9800000|  0%| F|  |TAMS 0x00000000e9700000, 0x00000000e9700000| Untracked 
| 152|0x00000000e9800000, 0x00000000e9800000, 0x00000000e9900000|  0%| F|  |TAMS 0x00000000e9800000, 0x00000000e9800000| Untracked 
| 153|0x00000000e9900000, 0x00000000e9900000, 0x00000000e9a00000|  0%| F|  |TAMS 0x00000000e9900000, 0x00000000e9900000| Untracked 
| 154|0x00000000e9a00000, 0x00000000e9a00000, 0x00000000e9b00000|  0%| F|  |TAMS 0x00000000e9a00000, 0x00000000e9a00000| Untracked 
| 155|0x00000000e9b00000, 0x00000000e9b00000, 0x00000000e9c00000|  0%| F|  |TAMS 0x00000000e9b00000, 0x00000000e9b00000| Untracked 
| 156|0x00000000e9c00000, 0x00000000e9c00000, 0x00000000e9d00000|  0%| F|  |TAMS 0x00000000e9c00000, 0x00000000e9c00000| Untracked 
| 157|0x00000000e9d00000, 0x00000000e9d00000, 0x00000000e9e00000|  0%| F|  |TAMS 0x00000000e9d00000, 0x00000000e9d00000| Untracked 
| 158|0x00000000e9e00000, 0x00000000e9e00000, 0x00000000e9f00000|  0%| F|  |TAMS 0x00000000e9e00000, 0x00000000e9e00000| Untracked 
| 159|0x00000000e9f00000, 0x00000000e9f00000, 0x00000000ea000000|  0%| F|  |TAMS 0x00000000e9f00000, 0x00000000e9f00000| Untracked 
| 160|0x00000000ea000000, 0x00000000ea000000, 0x00000000ea100000|  0%| F|  |TAMS 0x00000000ea000000, 0x00000000ea000000| Untracked 
| 161|0x00000000ea100000, 0x00000000ea100000, 0x00000000ea200000|  0%| F|  |TAMS 0x00000000ea100000, 0x00000000ea100000| Untracked 
| 162|0x00000000ea200000, 0x00000000ea200000, 0x00000000ea300000|  0%| F|  |TAMS 0x00000000ea200000, 0x00000000ea200000| Untracked 
| 163|0x00000000ea300000, 0x00000000ea300000, 0x00000000ea400000|  0%| F|  |TAMS 0x00000000ea300000, 0x00000000ea300000| Untracked 
| 164|0x00000000ea400000, 0x00000000ea400000, 0x00000000ea500000|  0%| F|  |TAMS 0x00000000ea400000, 0x00000000ea400000| Untracked 
| 165|0x00000000ea500000, 0x00000000ea500000, 0x00000000ea600000|  0%| F|  |TAMS 0x00000000ea500000, 0x00000000ea500000| Untracked 
| 166|0x00000000ea600000, 0x00000000ea600000, 0x00000000ea700000|  0%| F|  |TAMS 0x00000000ea600000, 0x00000000ea600000| Untracked 
| 167|0x00000000ea700000, 0x00000000ea700000, 0x00000000ea800000|  0%| F|  |TAMS 0x00000000ea700000, 0x00000000ea700000| Untracked 
| 168|0x00000000ea800000, 0x00000000ea800000, 0x00000000ea900000|  0%| F|  |TAMS 0x00000000ea800000, 0x00000000ea800000| Untracked 
| 169|0x00000000ea900000, 0x00000000ea900000, 0x00000000eaa00000|  0%| F|  |TAMS 0x00000000ea900000, 0x00000000ea900000| Untracked 
| 170|0x00000000eaa00000, 0x00000000eaa00000, 0x00000000eab00000|  0%| F|  |TAMS 0x00000000eaa00000, 0x00000000eaa00000| Untracked 
| 171|0x00000000eab00000, 0x00000000eabacd68, 0x00000000eac00000| 67%| E|  |TAMS 0x00000000eab00000, 0x00000000eab00000| Complete 
| 172|0x00000000eac00000, 0x00000000ead00000, 0x00000000ead00000|100%| E|CS|TAMS 0x00000000eac00000, 0x00000000eac00000| Complete 
| 173|0x00000000ead00000, 0x00000000eae00000, 0x00000000eae00000|100%| E|CS|TAMS 0x00000000ead00000, 0x00000000ead00000| Complete 
| 174|0x00000000eae00000, 0x00000000eaf00000, 0x00000000eaf00000|100%| E|CS|TAMS 0x00000000eae00000, 0x00000000eae00000| Complete 
| 175|0x00000000eaf00000, 0x00000000eb000000, 0x00000000eb000000|100%| E|CS|TAMS 0x00000000eaf00000, 0x00000000eaf00000| Complete 
| 176|0x00000000eb000000, 0x00000000eb100000, 0x00000000eb100000|100%| E|CS|TAMS 0x00000000eb000000, 0x00000000eb000000| Complete 
| 177|0x00000000eb100000, 0x00000000eb200000, 0x00000000eb200000|100%| E|CS|TAMS 0x00000000eb100000, 0x00000000eb100000| Complete 
| 178|0x00000000eb200000, 0x00000000eb300000, 0x00000000eb300000|100%| E|CS|TAMS 0x00000000eb200000, 0x00000000eb200000| Complete 
| 179|0x00000000eb300000, 0x00000000eb400000, 0x00000000eb400000|100%| E|CS|TAMS 0x00000000eb300000, 0x00000000eb300000| Complete 
| 180|0x00000000eb400000, 0x00000000eb500000, 0x00000000eb500000|100%| E|CS|TAMS 0x00000000eb400000, 0x00000000eb400000| Complete 
| 181|0x00000000eb500000, 0x00000000eb600000, 0x00000000eb600000|100%| E|CS|TAMS 0x00000000eb500000, 0x00000000eb500000| Complete 
| 182|0x00000000eb600000, 0x00000000eb700000, 0x00000000eb700000|100%| E|CS|TAMS 0x00000000eb600000, 0x00000000eb600000| Complete 
| 183|0x00000000eb700000, 0x00000000eb800000, 0x00000000eb800000|100%| E|CS|TAMS 0x00000000eb700000, 0x00000000eb700000| Complete 
| 184|0x00000000eb800000, 0x00000000eb900000, 0x00000000eb900000|100%| E|CS|TAMS 0x00000000eb800000, 0x00000000eb800000| Complete 
| 185|0x00000000eb900000, 0x00000000eba00000, 0x00000000eba00000|100%| E|CS|TAMS 0x00000000eb900000, 0x00000000eb900000| Complete 
| 186|0x00000000eba00000, 0x00000000ebb00000, 0x00000000ebb00000|100%| E|CS|TAMS 0x00000000eba00000, 0x00000000eba00000| Complete 
| 187|0x00000000ebb00000, 0x00000000ebc00000, 0x00000000ebc00000|100%| E|CS|TAMS 0x00000000ebb00000, 0x00000000ebb00000| Complete 
| 188|0x00000000ebc00000, 0x00000000ebd00000, 0x00000000ebd00000|100%| E|CS|TAMS 0x00000000ebc00000, 0x00000000ebc00000| Complete 
| 189|0x00000000ebd00000, 0x00000000ebe00000, 0x00000000ebe00000|100%| E|CS|TAMS 0x00000000ebd00000, 0x00000000ebd00000| Complete 
| 190|0x00000000ebe00000, 0x00000000ebf00000, 0x00000000ebf00000|100%| E|CS|TAMS 0x00000000ebe00000, 0x00000000ebe00000| Complete 
| 191|0x00000000ebf00000, 0x00000000ec000000, 0x00000000ec000000|100%| E|CS|TAMS 0x00000000ebf00000, 0x00000000ebf00000| Complete 
| 192|0x00000000ec000000, 0x00000000ec100000, 0x00000000ec100000|100%| E|CS|TAMS 0x00000000ec000000, 0x00000000ec000000| Complete 
| 193|0x00000000ec100000, 0x00000000ec200000, 0x00000000ec200000|100%| E|CS|TAMS 0x00000000ec100000, 0x00000000ec100000| Complete 
| 194|0x00000000ec200000, 0x00000000ec300000, 0x00000000ec300000|100%| E|CS|TAMS 0x00000000ec200000, 0x00000000ec200000| Complete 
| 195|0x00000000ec300000, 0x00000000ec400000, 0x00000000ec400000|100%| E|CS|TAMS 0x00000000ec300000, 0x00000000ec300000| Complete 
| 196|0x00000000ec400000, 0x00000000ec500000, 0x00000000ec500000|100%| E|CS|TAMS 0x00000000ec400000, 0x00000000ec400000| Complete 
| 197|0x00000000ec500000, 0x00000000ec600000, 0x00000000ec600000|100%| E|CS|TAMS 0x00000000ec500000, 0x00000000ec500000| Complete 
| 198|0x00000000ec600000, 0x00000000ec700000, 0x00000000ec700000|100%| E|CS|TAMS 0x00000000ec600000, 0x00000000ec600000| Complete 
| 199|0x00000000ec700000, 0x00000000ec800000, 0x00000000ec800000|100%| E|CS|TAMS 0x00000000ec700000, 0x00000000ec700000| Complete 
| 200|0x00000000ec800000, 0x00000000ec900000, 0x00000000ec900000|100%| E|CS|TAMS 0x00000000ec800000, 0x00000000ec800000| Complete 
| 201|0x00000000ec900000, 0x00000000eca00000, 0x00000000eca00000|100%| E|CS|TAMS 0x00000000ec900000, 0x00000000ec900000| Complete 
| 202|0x00000000eca00000, 0x00000000ecb00000, 0x00000000ecb00000|100%| E|CS|TAMS 0x00000000eca00000, 0x00000000eca00000| Complete 
| 203|0x00000000ecb00000, 0x00000000ecc00000, 0x00000000ecc00000|100%| E|CS|TAMS 0x00000000ecb00000, 0x00000000ecb00000| Complete 
| 204|0x00000000ecc00000, 0x00000000ecd00000, 0x00000000ecd00000|100%| E|CS|TAMS 0x00000000ecc00000, 0x00000000ecc00000| Complete 
| 205|0x00000000ecd00000, 0x00000000ece00000, 0x00000000ece00000|100%| E|CS|TAMS 0x00000000ecd00000, 0x00000000ecd00000| Complete 
| 206|0x00000000ece00000, 0x00000000ecf00000, 0x00000000ecf00000|100%| E|CS|TAMS 0x00000000ece00000, 0x00000000ece00000| Complete 
| 207|0x00000000ecf00000, 0x00000000ed000000, 0x00000000ed000000|100%| E|CS|TAMS 0x00000000ecf00000, 0x00000000ecf00000| Complete 
| 208|0x00000000ed000000, 0x00000000ed100000, 0x00000000ed100000|100%| E|CS|TAMS 0x00000000ed000000, 0x00000000ed000000| Complete 
| 209|0x00000000ed100000, 0x00000000ed200000, 0x00000000ed200000|100%| E|CS|TAMS 0x00000000ed100000, 0x00000000ed100000| Complete 
| 210|0x00000000ed200000, 0x00000000ed300000, 0x00000000ed300000|100%| E|CS|TAMS 0x00000000ed200000, 0x00000000ed200000| Complete 
| 211|0x00000000ed300000, 0x00000000ed400000, 0x00000000ed400000|100%| E|CS|TAMS 0x00000000ed300000, 0x00000000ed300000| Complete 
| 212|0x00000000ed400000, 0x00000000ed500000, 0x00000000ed500000|100%| E|CS|TAMS 0x00000000ed400000, 0x00000000ed400000| Complete 
| 213|0x00000000ed500000, 0x00000000ed600000, 0x00000000ed600000|100%| E|CS|TAMS 0x00000000ed500000, 0x00000000ed500000| Complete 
| 214|0x00000000ed600000, 0x00000000ed700000, 0x00000000ed700000|100%| E|CS|TAMS 0x00000000ed600000, 0x00000000ed600000| Complete 
| 215|0x00000000ed700000, 0x00000000ed800000, 0x00000000ed800000|100%| E|CS|TAMS 0x00000000ed700000, 0x00000000ed700000| Complete 
| 216|0x00000000ed800000, 0x00000000ed900000, 0x00000000ed900000|100%| E|CS|TAMS 0x00000000ed800000, 0x00000000ed800000| Complete 
| 217|0x00000000ed900000, 0x00000000eda00000, 0x00000000eda00000|100%| E|CS|TAMS 0x00000000ed900000, 0x00000000ed900000| Complete 
| 218|0x00000000eda00000, 0x00000000edb00000, 0x00000000edb00000|100%| E|CS|TAMS 0x00000000eda00000, 0x00000000eda00000| Complete 
| 219|0x00000000edb00000, 0x00000000edc00000, 0x00000000edc00000|100%| E|CS|TAMS 0x00000000edb00000, 0x00000000edb00000| Complete 
| 220|0x00000000edc00000, 0x00000000edd00000, 0x00000000edd00000|100%| E|CS|TAMS 0x00000000edc00000, 0x00000000edc00000| Complete 
| 221|0x00000000edd00000, 0x00000000ede00000, 0x00000000ede00000|100%| E|CS|TAMS 0x00000000edd00000, 0x00000000edd00000| Complete 
| 222|0x00000000ede00000, 0x00000000edf00000, 0x00000000edf00000|100%| E|CS|TAMS 0x00000000ede00000, 0x00000000ede00000| Complete 
| 223|0x00000000edf00000, 0x00000000ee000000, 0x00000000ee000000|100%| E|CS|TAMS 0x00000000edf00000, 0x00000000edf00000| Complete 
| 224|0x00000000ee000000, 0x00000000ee100000, 0x00000000ee100000|100%| E|CS|TAMS 0x00000000ee000000, 0x00000000ee000000| Complete 
| 225|0x00000000ee100000, 0x00000000ee200000, 0x00000000ee200000|100%| E|CS|TAMS 0x00000000ee100000, 0x00000000ee100000| Complete 
| 226|0x00000000ee200000, 0x00000000ee300000, 0x00000000ee300000|100%| E|CS|TAMS 0x00000000ee200000, 0x00000000ee200000| Complete 
| 227|0x00000000ee300000, 0x00000000ee400000, 0x00000000ee400000|100%| E|CS|TAMS 0x00000000ee300000, 0x00000000ee300000| Complete 
| 228|0x00000000ee400000, 0x00000000ee500000, 0x00000000ee500000|100%| E|CS|TAMS 0x00000000ee400000, 0x00000000ee400000| Complete 
| 229|0x00000000ee500000, 0x00000000ee600000, 0x00000000ee600000|100%| E|CS|TAMS 0x00000000ee500000, 0x00000000ee500000| Complete 
| 230|0x00000000ee600000, 0x00000000ee700000, 0x00000000ee700000|100%| E|CS|TAMS 0x00000000ee600000, 0x00000000ee600000| Complete 
| 231|0x00000000ee700000, 0x00000000ee800000, 0x00000000ee800000|100%| E|CS|TAMS 0x00000000ee700000, 0x00000000ee700000| Complete 
| 232|0x00000000ee800000, 0x00000000ee900000, 0x00000000ee900000|100%| E|CS|TAMS 0x00000000ee800000, 0x00000000ee800000| Complete 
| 233|0x00000000ee900000, 0x00000000eea00000, 0x00000000eea00000|100%| E|CS|TAMS 0x00000000ee900000, 0x00000000ee900000| Complete 
| 234|0x00000000eea00000, 0x00000000eeb00000, 0x00000000eeb00000|100%| E|CS|TAMS 0x00000000eea00000, 0x00000000eea00000| Complete 
| 235|0x00000000eeb00000, 0x00000000eec00000, 0x00000000eec00000|100%| E|CS|TAMS 0x00000000eeb00000, 0x00000000eeb00000| Complete 
| 236|0x00000000eec00000, 0x00000000eed00000, 0x00000000eed00000|100%| E|CS|TAMS 0x00000000eec00000, 0x00000000eec00000| Complete 
| 237|0x00000000eed00000, 0x00000000eee00000, 0x00000000eee00000|100%| E|CS|TAMS 0x00000000eed00000, 0x00000000eed00000| Complete 
| 238|0x00000000eee00000, 0x00000000eef00000, 0x00000000eef00000|100%| E|CS|TAMS 0x00000000eee00000, 0x00000000eee00000| Complete 
| 239|0x00000000eef00000, 0x00000000ef000000, 0x00000000ef000000|100%| E|CS|TAMS 0x00000000eef00000, 0x00000000eef00000| Complete 
| 240|0x00000000ef000000, 0x00000000ef100000, 0x00000000ef100000|100%| E|CS|TAMS 0x00000000ef000000, 0x00000000ef000000| Complete 
| 241|0x00000000ef100000, 0x00000000ef200000, 0x00000000ef200000|100%| E|CS|TAMS 0x00000000ef100000, 0x00000000ef100000| Complete 
| 242|0x00000000ef200000, 0x00000000ef300000, 0x00000000ef300000|100%| E|CS|TAMS 0x00000000ef200000, 0x00000000ef200000| Complete 
| 243|0x00000000ef300000, 0x00000000ef400000, 0x00000000ef400000|100%| E|CS|TAMS 0x00000000ef300000, 0x00000000ef300000| Complete 
| 244|0x00000000ef400000, 0x00000000ef500000, 0x00000000ef500000|100%| E|CS|TAMS 0x00000000ef400000, 0x00000000ef400000| Complete 
| 245|0x00000000ef500000, 0x00000000ef600000, 0x00000000ef600000|100%| E|CS|TAMS 0x00000000ef500000, 0x00000000ef500000| Complete 
| 246|0x00000000ef600000, 0x00000000ef700000, 0x00000000ef700000|100%| E|CS|TAMS 0x00000000ef600000, 0x00000000ef600000| Complete 
| 247|0x00000000ef700000, 0x00000000ef800000, 0x00000000ef800000|100%| E|CS|TAMS 0x00000000ef700000, 0x00000000ef700000| Complete 
| 248|0x00000000ef800000, 0x00000000ef900000, 0x00000000ef900000|100%| E|CS|TAMS 0x00000000ef800000, 0x00000000ef800000| Complete 
| 249|0x00000000ef900000, 0x00000000efa00000, 0x00000000efa00000|100%| E|CS|TAMS 0x00000000ef900000, 0x00000000ef900000| Complete 
| 250|0x00000000efa00000, 0x00000000efb00000, 0x00000000efb00000|100%| E|CS|TAMS 0x00000000efa00000, 0x00000000efa00000| Complete 
| 251|0x00000000efb00000, 0x00000000efc00000, 0x00000000efc00000|100%| E|CS|TAMS 0x00000000efb00000, 0x00000000efb00000| Complete 
| 252|0x00000000efc00000, 0x00000000efd00000, 0x00000000efd00000|100%| E|CS|TAMS 0x00000000efc00000, 0x00000000efc00000| Complete 
| 253|0x00000000efd00000, 0x00000000efe00000, 0x00000000efe00000|100%| E|CS|TAMS 0x00000000efd00000, 0x00000000efd00000| Complete 
| 254|0x00000000efe00000, 0x00000000eff00000, 0x00000000eff00000|100%| E|CS|TAMS 0x00000000efe00000, 0x00000000efe00000| Complete 
| 255|0x00000000eff00000, 0x00000000f0000000, 0x00000000f0000000|100%| E|CS|TAMS 0x00000000eff00000, 0x00000000eff00000| Complete 

Card table byte_map: [0x000001f8511e0000,0x000001f8512e0000] _byte_map_base: 0x000001f850ae0000

Marking Bits (Prev, Next): (CMBitMap*) 0x000001f83a2bb360, (CMBitMap*) 0x000001f83a2bb3a0
 Prev Bits: [0x000001f8513e0000, 0x000001f851be0000)
 Next Bits: [0x000001f851be0000, 0x000001f8523e0000)

Polling page: 0x000001f838180000

Metaspace:

Usage:
  Non-class:     44.61 MB used.
      Class:      7.45 MB used.
       Both:     52.06 MB used.

Virtual space:
  Non-class space:       64.00 MB reserved,      45.00 MB ( 70%) committed,  1 nodes.
      Class space:      320.00 MB reserved,       7.75 MB (  2%) committed,  1 nodes.
             Both:      384.00 MB reserved,      52.75 MB ( 14%) committed. 

Chunk freelists:
   Non-Class:  2.73 MB
       Class:  8.25 MB
        Both:  10.98 MB

MaxMetaspaceSize: 384.00 MB
CompressedClassSpaceSize: 320.00 MB
Initial GC threshold: 21.00 MB
Current GC threshold: 59.31 MB
CDS: on
MetaspaceReclaimPolicy: balanced
 - commit_granule_bytes: 65536.
 - commit_granule_words: 8192.
 - virtual_space_node_default_size: 8388608.
 - enlarge_chunks_in_place: 1.
 - new_chunks_are_fully_committed: 0.
 - uncommit_free_chunks: 1.
 - use_allocation_guard: 0.
 - handle_deallocations: 1.


Internal statistics:

num_allocs_failed_limit: 9.
num_arena_births: 698.
num_arena_deaths: 0.
num_vsnodes_births: 2.
num_vsnodes_deaths: 0.
num_space_committed: 844.
num_space_uncommitted: 0.
num_chunks_returned_to_freelist: 9.
num_chunks_taken_from_freelist: 2930.
num_chunk_merges: 9.
num_chunk_splits: 1882.
num_chunks_enlarged: 1203.
num_inconsistent_stats: 0.

CodeHeap 'non-profiled nmethods': size=120000Kb used=3326Kb max_used=3326Kb free=116673Kb
 bounds [0x000001f849880000, 0x000001f849bc0000, 0x000001f850db0000]
CodeHeap 'profiled nmethods': size=120000Kb used=11897Kb max_used=11897Kb free=108102Kb
 bounds [0x000001f841db0000, 0x000001f842950000, 0x000001f8492e0000]
CodeHeap 'non-nmethods': size=5760Kb used=2328Kb max_used=2438Kb free=3431Kb
 bounds [0x000001f8492e0000, 0x000001f849550000, 0x000001f849880000]
 total_blobs=6851 nmethods=6007 adapters=755
 compilation: enabled
              stopped_count=0, restarted_count=0
 full_count=0

Compilation events (20 events):
Event: 43.277 Thread 0x000001f854e1dea0 6761       3       java.util.TreeMap::entrySet (27 bytes)
Event: 43.277 Thread 0x000001f854e1dea0 nmethod 6761 0x000001f842941710 code [0x000001f8429418e0, 0x000001f842941cd8]
Event: 43.277 Thread 0x000001f854e1dea0 6763       3       com.google.common.collect.MultimapBuilder::treeKeys (14 bytes)
Event: 43.278 Thread 0x000001f854e1dea0 nmethod 6763 0x000001f842941e10 code [0x000001f842941fe0, 0x000001f842942408]
Event: 43.278 Thread 0x000001f854e1dea0 6764       3       com.google.common.collect.MultimapBuilder$3::<init> (10 bytes)
Event: 43.278 Thread 0x000001f854e1dea0 nmethod 6764 0x000001f842942590 code [0x000001f842942740, 0x000001f842942958]
Event: 43.278 Thread 0x000001f854e1dea0 6765       3       com.google.common.collect.MultimapBuilder$3::createMap (12 bytes)
Event: 43.278 Thread 0x000001f854e1dea0 nmethod 6765 0x000001f842942a90 code [0x000001f842942c40, 0x000001f842942f38]
Event: 43.278 Thread 0x000001f854e1dea0 6762       1       org.gradle.internal.reflect.annotations.impl.DefaultPropertyAnnotationMetadata::getGetter (5 bytes)
Event: 43.278 Thread 0x000001f854e1dea0 nmethod 6762 0x000001f849bbbf10 code [0x000001f849bbc0a0, 0x000001f849bbc178]
Event: 43.278 Thread 0x000001f854e1dea0 6766       3       com.google.common.collect.ImmutableMap::builderWithExpectedSize (16 bytes)
Event: 43.278 Thread 0x000001f854e1dea0 nmethod 6766 0x000001f842943090 code [0x000001f842943240, 0x000001f842943588]
Event: 43.278 Thread 0x000001f854e1dea0 6767       3       com.google.common.collect.AbstractMultimap::keySet (23 bytes)
Event: 43.279 Thread 0x000001f854e1dea0 nmethod 6767 0x000001f842943690 code [0x000001f842943840, 0x000001f842943ae8]
Event: 43.279 Thread 0x000001f854e1dea0 6768       3       com.google.common.collect.AbstractMapBasedMultimap::createMaybeNavigableKeySet (65 bytes)
Event: 43.280 Thread 0x000001f854e1dea0 nmethod 6768 0x000001f842943b90 code [0x000001f842943ec0, 0x000001f8429458c8]
Event: 43.280 Thread 0x000001f854e1dea0 6769       3       com.google.common.collect.AbstractMapBasedMultimap$KeySet$1::hasNext (10 bytes)
Event: 43.280 Thread 0x000001f854e1dea0 nmethod 6769 0x000001f842945e90 code [0x000001f842946040, 0x000001f842946208]
Event: 43.280 Thread 0x000001f854e1dea0 6770       3       java.util.IdentityHashMap::hash (18 bytes)
Event: 43.280 Thread 0x000001f854e1dea0 nmethod 6770 0x000001f842946310 code [0x000001f8429464a0, 0x000001f8429465c8]

GC Heap History (16 events):
Event: 3.101 GC heap before
{Heap before GC invocations=0 (full 0):
 garbage-first heap   total 262144K, used 26624K [0x00000000e0000000, 0x0000000100000000)
  region size 1024K, 23 young (23552K), 0 survivors (0K)
 Metaspace       used 2105K, committed 2240K, reserved 393216K
  class space    used 226K, committed 320K, reserved 327680K
}
Event: 3.213 GC heap after
{Heap after GC invocations=1 (full 0):
 garbage-first heap   total 262144K, used 10475K [0x00000000e0000000, 0x0000000100000000)
  region size 1024K, 3 young (3072K), 3 survivors (3072K)
 Metaspace       used 2105K, committed 2240K, reserved 393216K
  class space    used 226K, committed 320K, reserved 327680K
}
Event: 7.079 GC heap before
{Heap before GC invocations=1 (full 0):
 garbage-first heap   total 262144K, used 37099K [0x00000000e0000000, 0x0000000100000000)
  region size 1024K, 29 young (29696K), 3 survivors (3072K)
 Metaspace       used 4043K, committed 4224K, reserved 393216K
  class space    used 503K, committed 640K, reserved 327680K
}
Event: 7.083 GC heap after
{Heap after GC invocations=2 (full 0):
 garbage-first heap   total 262144K, used 11849K [0x00000000e0000000, 0x0000000100000000)
  region size 1024K, 2 young (2048K), 2 survivors (2048K)
 Metaspace       used 4043K, committed 4224K, reserved 393216K
  class space    used 503K, committed 640K, reserved 327680K
}
Event: 19.380 GC heap before
{Heap before GC invocations=2 (full 0):
 garbage-first heap   total 262144K, used 123465K [0x00000000e0000000, 0x0000000100000000)
  region size 1024K, 109 young (111616K), 2 survivors (2048K)
 Metaspace       used 18634K, committed 18944K, reserved 393216K
  class space    used 2697K, committed 2880K, reserved 327680K
}
Event: 19.396 GC heap after
{Heap after GC invocations=3 (full 0):
 garbage-first heap   total 262144K, used 22454K [0x00000000e0000000, 0x0000000100000000)
  region size 1024K, 11 young (11264K), 11 survivors (11264K)
 Metaspace       used 18634K, committed 18944K, reserved 393216K
  class space    used 2697K, committed 2880K, reserved 327680K
}
Event: 20.983 GC heap before
{Heap before GC invocations=3 (full 0):
 garbage-first heap   total 262144K, used 43958K [0x00000000e0000000, 0x0000000100000000)
  region size 1024K, 33 young (33792K), 11 survivors (11264K)
 Metaspace       used 21208K, committed 21504K, reserved 393216K
  class space    used 3120K, committed 3264K, reserved 327680K
}
Event: 20.994 GC heap after
{Heap after GC invocations=4 (full 0):
 garbage-first heap   total 262144K, used 24207K [0x00000000e0000000, 0x0000000100000000)
  region size 1024K, 12 young (12288K), 12 survivors (12288K)
 Metaspace       used 21208K, committed 21504K, reserved 393216K
  class space    used 3120K, committed 3264K, reserved 327680K
}
Event: 28.192 GC heap before
{Heap before GC invocations=5 (full 0):
 garbage-first heap   total 262144K, used 159375K [0x00000000e0000000, 0x0000000100000000)
  region size 1024K, 130 young (133120K), 12 survivors (12288K)
 Metaspace       used 35557K, committed 35968K, reserved 393216K
  class space    used 4982K, committed 5184K, reserved 327680K
}
Event: 28.212 GC heap after
{Heap after GC invocations=6 (full 0):
 garbage-first heap   total 262144K, used 46423K [0x00000000e0000000, 0x0000000100000000)
  region size 1024K, 13 young (13312K), 13 survivors (13312K)
 Metaspace       used 35557K, committed 35968K, reserved 393216K
  class space    used 4982K, committed 5184K, reserved 327680K
}
Event: 28.457 GC heap before
{Heap before GC invocations=6 (full 0):
 garbage-first heap   total 262144K, used 47447K [0x00000000e0000000, 0x0000000100000000)
  region size 1024K, 14 young (14336K), 13 survivors (13312K)
 Metaspace       used 35664K, committed 36096K, reserved 393216K
  class space    used 5000K, committed 5184K, reserved 327680K
}
Event: 28.469 GC heap after
{Heap after GC invocations=7 (full 0):
 garbage-first heap   total 262144K, used 46970K [0x00000000e0000000, 0x0000000100000000)
  region size 1024K, 2 young (2048K), 2 survivors (2048K)
 Metaspace       used 35664K, committed 36096K, reserved 393216K
  class space    used 5000K, committed 5184K, reserved 327680K
}
Event: 28.545 GC heap before
{Heap before GC invocations=7 (full 0):
 garbage-first heap   total 262144K, used 49018K [0x00000000e0000000, 0x0000000100000000)
  region size 1024K, 5 young (5120K), 2 survivors (2048K)
 Metaspace       used 35949K, committed 36288K, reserved 393216K
  class space    used 5028K, committed 5184K, reserved 327680K
}
Event: 28.547 GC heap after
{Heap after GC invocations=8 (full 0):
 garbage-first heap   total 262144K, used 45998K [0x00000000e0000000, 0x0000000100000000)
  region size 1024K, 1 young (1024K), 1 survivors (1024K)
 Metaspace       used 35949K, committed 36288K, reserved 393216K
  class space    used 5028K, committed 5184K, reserved 327680K
}
Event: 39.165 GC heap before
{Heap before GC invocations=9 (full 0):
 garbage-first heap   total 262144K, used 200622K [0x00000000e0000000, 0x0000000100000000)
  region size 1024K, 138 young (141312K), 1 survivors (1024K)
 Metaspace       used 47716K, committed 48320K, reserved 393216K
  class space    used 6773K, committed 7040K, reserved 327680K
}
Event: 39.181 GC heap after
{Heap after GC invocations=10 (full 0):
 garbage-first heap   total 262144K, used 69729K [0x00000000e0000000, 0x0000000100000000)
  region size 1024K, 11 young (11264K), 11 survivors (11264K)
 Metaspace       used 47716K, committed 48320K, reserved 393216K
  class space    used 6773K, committed 7040K, reserved 327680K
}

Dll operation events (15 events):
Event: 0.047 Loaded shared library C:\Program Files\Eclipse Adoptium\jdk-17.0.11.9-hotspot\bin\java.dll
Event: 0.132 Loaded shared library C:\Program Files\Eclipse Adoptium\jdk-17.0.11.9-hotspot\bin\jsvml.dll
Event: 0.393 Loaded shared library C:\Program Files\Eclipse Adoptium\jdk-17.0.11.9-hotspot\bin\zip.dll
Event: 0.402 Loaded shared library C:\Program Files\Eclipse Adoptium\jdk-17.0.11.9-hotspot\bin\instrument.dll
Event: 0.420 Loaded shared library C:\Program Files\Eclipse Adoptium\jdk-17.0.11.9-hotspot\bin\net.dll
Event: 0.429 Loaded shared library C:\Program Files\Eclipse Adoptium\jdk-17.0.11.9-hotspot\bin\nio.dll
Event: 0.439 Loaded shared library C:\Program Files\Eclipse Adoptium\jdk-17.0.11.9-hotspot\bin\zip.dll
Event: 2.043 Loaded shared library C:\Program Files\Eclipse Adoptium\jdk-17.0.11.9-hotspot\bin\jimage.dll
Event: 2.487 Loaded shared library C:\Program Files\Eclipse Adoptium\jdk-17.0.11.9-hotspot\bin\verify.dll
Event: 3.407 Loaded shared library C:\Users\kei02\.gradle\native\c067742578af261105cb4f569cf0c3c89f3d7b1fecec35dd04571415982c5e48\windows-amd64\native-platform.dll
Event: 3.483 Loaded shared library C:\Users\kei02\.gradle\native\100fb08df4bc3b14c8652ba06237920a3bd2aa13389f12d3474272988ae205f9\windows-amd64\native-platform-file-events.dll
Event: 9.639 Loaded shared library C:\Program Files\Eclipse Adoptium\jdk-17.0.11.9-hotspot\bin\management.dll
Event: 9.651 Loaded shared library C:\Program Files\Eclipse Adoptium\jdk-17.0.11.9-hotspot\bin\management_ext.dll
Event: 10.987 Loaded shared library C:\Program Files\Eclipse Adoptium\jdk-17.0.11.9-hotspot\bin\extnet.dll
Event: 13.549 Loaded shared library C:\Program Files\Eclipse Adoptium\jdk-17.0.11.9-hotspot\bin\sunmscapi.dll

Deoptimization events (20 events):
Event: 43.111 Thread 0x000001f86e57aa80 Uncommon trap: trap_request=0xffffffbe fr.pc=0x000001f849bb7ef0 relative=0x0000000000000410
Event: 43.111 Thread 0x000001f86e57aa80 Uncommon trap: reason=profile_predicate action=maybe_recompile pc=0x000001f849bb7ef0 method=sun.instrument.TransformerManager.transform(Ljava/lang/Module;Ljava/lang/ClassLoader;Ljava/lang/String;Ljava/lang/Class;Ljava/security/ProtectionDomain;[B)[B @ 21 
Event: 43.111 Thread 0x000001f86e57aa80 DEOPT PACKING pc=0x000001f849bb7ef0 sp=0x0000009c6fdfa300
Event: 43.111 Thread 0x000001f86e57aa80 DEOPT UNPACKING pc=0x000001f8493369a3 sp=0x0000009c6fdfa210 mode 2
Event: 43.113 Thread 0x000001f86e57aa80 Uncommon trap: trap_request=0xffffffbe fr.pc=0x000001f849bb7ef0 relative=0x0000000000000410
Event: 43.113 Thread 0x000001f86e57aa80 Uncommon trap: reason=profile_predicate action=maybe_recompile pc=0x000001f849bb7ef0 method=sun.instrument.TransformerManager.transform(Ljava/lang/Module;Ljava/lang/ClassLoader;Ljava/lang/String;Ljava/lang/Class;Ljava/security/ProtectionDomain;[B)[B @ 21 
Event: 43.113 Thread 0x000001f86e57aa80 DEOPT PACKING pc=0x000001f849bb7ef0 sp=0x0000009c6fdf6df0
Event: 43.113 Thread 0x000001f86e57aa80 DEOPT UNPACKING pc=0x000001f8493369a3 sp=0x0000009c6fdf6d00 mode 2
Event: 43.114 Thread 0x000001f86e57aa80 Uncommon trap: trap_request=0xffffffbe fr.pc=0x000001f849bb7ef0 relative=0x0000000000000410
Event: 43.114 Thread 0x000001f86e57aa80 Uncommon trap: reason=profile_predicate action=maybe_recompile pc=0x000001f849bb7ef0 method=sun.instrument.TransformerManager.transform(Ljava/lang/Module;Ljava/lang/ClassLoader;Ljava/lang/String;Ljava/lang/Class;Ljava/security/ProtectionDomain;[B)[B @ 21 
Event: 43.114 Thread 0x000001f86e57aa80 DEOPT PACKING pc=0x000001f849bb7ef0 sp=0x0000009c6fdfa300
Event: 43.114 Thread 0x000001f86e57aa80 DEOPT UNPACKING pc=0x000001f8493369a3 sp=0x0000009c6fdfa210 mode 2
Event: 43.121 Thread 0x000001f86e57aa80 Uncommon trap: trap_request=0xffffffbe fr.pc=0x000001f849bb7ef0 relative=0x0000000000000410
Event: 43.121 Thread 0x000001f86e57aa80 Uncommon trap: reason=profile_predicate action=maybe_recompile pc=0x000001f849bb7ef0 method=sun.instrument.TransformerManager.transform(Ljava/lang/Module;Ljava/lang/ClassLoader;Ljava/lang/String;Ljava/lang/Class;Ljava/security/ProtectionDomain;[B)[B @ 21 
Event: 43.121 Thread 0x000001f86e57aa80 DEOPT PACKING pc=0x000001f849bb7ef0 sp=0x0000009c6fdf6640
Event: 43.121 Thread 0x000001f86e57aa80 DEOPT UNPACKING pc=0x000001f8493369a3 sp=0x0000009c6fdf6550 mode 2
Event: 43.228 Thread 0x000001f86e57aa80 Uncommon trap: trap_request=0xffffffc6 fr.pc=0x000001f849b0c4d4 relative=0x00000000000005f4
Event: 43.228 Thread 0x000001f86e57aa80 Uncommon trap: reason=bimorphic_or_optimized_type_check action=maybe_recompile pc=0x000001f849b0c4d4 method=java.util.regex.Pattern$Start.match(Ljava/util/regex/Matcher;ILjava/lang/CharSequence;)Z @ 44 c2
Event: 43.228 Thread 0x000001f86e57aa80 DEOPT PACKING pc=0x000001f849b0c4d4 sp=0x0000009c6fdfa760
Event: 43.228 Thread 0x000001f86e57aa80 DEOPT UNPACKING pc=0x000001f8493369a3 sp=0x0000009c6fdfa710 mode 2

Classes unloaded (0 events):
No events

Classes redefined (0 events):
No events

Internal exceptions (20 events):
Event: 42.447 Thread 0x000001f86e57aa80 Exception <a 'java/lang/ClassNotFoundException'{0x00000000ec609dc8}: groovy/lang/GStringBeanInfo> (0x00000000ec609dc8) 
thrown [s\src\hotspot\share\classfile\systemDictionary.cpp, line 256]
Event: 42.457 Thread 0x000001f86e57aa80 Exception <a 'java/lang/ClassNotFoundException'{0x00000000ec62cd38}: groovy/lang/GStringCustomizer> (0x00000000ec62cd38) 
thrown [s\src\hotspot\share\classfile\systemDictionary.cpp, line 256]
Event: 42.465 Thread 0x000001f86e57aa80 Exception <a 'java/lang/ClassNotFoundException'{0x00000000ec65a308}: groovy/lang/GString$1Customizer> (0x00000000ec65a308) 
thrown [s\src\hotspot\share\classfile\systemDictionary.cpp, line 256]
Event: 42.490 Thread 0x000001f86e57aa80 Exception <a 'java/lang/ClassNotFoundException'{0x00000000ec6a9100}: groovy/lang/GroovyObjectBeanInfo> (0x00000000ec6a9100) 
thrown [s\src\hotspot\share\classfile\systemDictionary.cpp, line 256]
Event: 42.496 Thread 0x000001f86e57aa80 Exception <a 'java/lang/ClassNotFoundException'{0x00000000ec6cc7d8}: groovy/lang/GroovyObjectCustomizer> (0x00000000ec6cc7d8) 
thrown [s\src\hotspot\share\classfile\systemDictionary.cpp, line 256]
Event: 42.499 Thread 0x000001f86e57aa80 Exception <a 'java/lang/ClassNotFoundException'{0x00000000ec6e4820}: io/spring/gradle/dependencymanagement/dsl/ImportsHandlerBeanInfo> (0x00000000ec6e4820) 
thrown [s\src\hotspot\share\classfile\systemDictionary.cpp, line 256]
Event: 42.500 Thread 0x000001f86e57aa80 Exception <a 'java/lang/ClassNotFoundException'{0x00000000ec6efd30}: io/spring/gradle/dependencymanagement/dsl/ImportsHandlerCustomizer> (0x00000000ec6efd30) 
thrown [s\src\hotspot\share\classfile\systemDictionary.cpp, line 256]
Event: 42.511 Thread 0x000001f86e57aa80 Exception <a 'java/lang/ClassNotFoundException'{0x00000000ec3ca808}: org/codehaus/groovy/runtime/GStringImplBeanInfo> (0x00000000ec3ca808) 
thrown [s\src\hotspot\share\classfile\systemDictionary.cpp, line 256]
Event: 42.516 Thread 0x000001f86e57aa80 Exception <a 'java/lang/ClassNotFoundException'{0x00000000ec1b3260}: org/codehaus/groovy/runtime/GStringImplCustomizer> (0x00000000ec1b3260) 
thrown [s\src\hotspot\share\classfile\systemDictionary.cpp, line 256]
Event: 42.535 Thread 0x000001f86e57aa80 Exception <a 'java/lang/ClassNotFoundException'{0x00000000ebd455c0}: org/gradle/api/internal/tasks/DefaultTaskContainer_DecoratedBeanInfo> (0x00000000ebd455c0) 
thrown [s\src\hotspot\share\classfile\systemDictionary.cpp, line 256]
Event: 42.537 Thread 0x000001f86e57aa80 Exception <a 'java/lang/ClassNotFoundException'{0x00000000ebd57db0}: org/gradle/api/internal/tasks/DefaultTaskContainerBeanInfo> (0x00000000ebd57db0) 
thrown [s\src\hotspot\share\classfile\systemDictionary.cpp, line 256]
Event: 42.538 Thread 0x000001f86e57aa80 Exception <a 'java/lang/ClassNotFoundException'{0x00000000ebd6b060}: org/gradle/api/internal/tasks/DefaultTaskCollectionBeanInfo> (0x00000000ebd6b060) 
thrown [s\src\hotspot\share\classfile\systemDictionary.cpp, line 256]
Event: 42.540 Thread 0x000001f86e57aa80 Exception <a 'java/lang/ClassNotFoundException'{0x00000000ebd7e6b0}: org/gradle/api/internal/DefaultNamedDomainObjectSetBeanInfo> (0x00000000ebd7e6b0) 
thrown [s\src\hotspot\share\classfile\systemDictionary.cpp, line 256]
Event: 42.542 Thread 0x000001f86e57aa80 Exception <a 'java/lang/ClassNotFoundException'{0x00000000ebd919c8}: org/gradle/api/internal/DefaultNamedDomainObjectSetCustomizer> (0x00000000ebd919c8) 
thrown [s\src\hotspot\share\classfile\systemDictionary.cpp, line 256]
Event: 42.545 Thread 0x000001f86e57aa80 Exception <a 'java/lang/ClassNotFoundException'{0x00000000ebdc0500}: org/gradle/api/internal/tasks/DefaultTaskCollectionCustomizer> (0x00000000ebdc0500) 
thrown [s\src\hotspot\share\classfile\systemDictionary.cpp, line 256]
Event: 42.549 Thread 0x000001f86e57aa80 Exception <a 'java/lang/ClassNotFoundException'{0x00000000ebc07660}: org/gradle/api/internal/tasks/DefaultTaskContainerCustomizer> (0x00000000ebc07660) 
thrown [s\src\hotspot\share\classfile\systemDictionary.cpp, line 256]
Event: 42.555 Thread 0x000001f86e57aa80 Exception <a 'java/lang/ClassNotFoundException'{0x00000000ebc6d398}: org/gradle/api/internal/tasks/DefaultTaskContainer_DecoratedCustomizer> (0x00000000ebc6d398) 
thrown [s\src\hotspot\share\classfile\systemDictionary.cpp, line 256]
Event: 43.191 Thread 0x000001f86e57bec0 Exception <a 'java/lang/NoSuchMethodError'{0x00000000efedd2f8}: static Lorg/gradle/tooling/internal/provider/PhasedBuildActionResult;.<clinit>()V> (0x00000000efedd2f8) 
thrown [s\src\hotspot\share\prims\jni.cpp, line 1112]
Event: 43.193 Thread 0x000001f86e57bec0 Exception <a 'java/lang/NoSuchMethodError'{0x00000000efee50d0}: static Lorg/gradle/tooling/internal/provider/serialization/SerializedPayload;.<clinit>()V> (0x00000000efee50d0) 
thrown [s\src\hotspot\share\prims\jni.cpp, line 1112]
Event: 43.194 Thread 0x000001f86e57bec0 Exception <a 'java/lang/NoSuchMethodError'{0x00000000efee7670}: static [B.<clinit>()V> (0x00000000efee7670) 
thrown [s\src\hotspot\share\prims\jni.cpp, line 1112]

VM Operations (20 events):
Event: 36.934 Executing VM operation: Cleanup
Event: 36.951 Executing VM operation: Cleanup done
Event: 37.621 Executing VM operation: HandshakeAllThreads
Event: 37.621 Executing VM operation: HandshakeAllThreads done
Event: 37.659 Executing VM operation: HandshakeAllThreads
Event: 37.659 Executing VM operation: HandshakeAllThreads done
Event: 38.664 Executing VM operation: Cleanup
Event: 38.712 Executing VM operation: Cleanup done
Event: 39.165 Executing VM operation: G1CollectForAllocation
Event: 39.193 Executing VM operation: G1CollectForAllocation done
Event: 40.230 Executing VM operation: ICBufferFull
Event: 40.231 Executing VM operation: ICBufferFull done
Event: 40.231 Executing VM operation: ICBufferFull
Event: 40.231 Executing VM operation: ICBufferFull done
Event: 41.239 Executing VM operation: Cleanup
Event: 41.239 Executing VM operation: Cleanup done
Event: 42.248 Executing VM operation: Cleanup
Event: 42.251 Executing VM operation: Cleanup done
Event: 43.259 Executing VM operation: Cleanup
Event: 43.260 Executing VM operation: Cleanup done

Events (20 events):
Event: 42.551 loading class sun/reflect/generics/tree/LongSignature done
Event: 42.583 loading class java/lang/management/RuntimeMXBean
Event: 42.583 loading class java/lang/management/RuntimeMXBean done
Event: 42.584 loading class java/util/stream/ReduceOps$2
Event: 42.584 loading class java/util/stream/ReduceOps$2 done
Event: 42.584 loading class java/util/stream/ReduceOps$2ReducingSink
Event: 42.584 loading class java/util/stream/ReduceOps$2ReducingSink done
Event: 42.584 loading class sun/management/RuntimeImpl
Event: 42.585 loading class sun/management/RuntimeImpl done
Event: 42.627 loading class java/io/NotSerializableException
Event: 42.628 loading class java/io/NotSerializableException done
Event: 42.838 Thread 0x000001f8706a8870 Thread exited: 0x000001f8706a8870
Event: 43.131 loading class java/util/HashMap$EntrySpliterator
Event: 43.131 loading class java/util/HashMap$EntrySpliterator done
Event: 43.171 loading class java/io/ObjectOutputStream$BlockDataOutputStream
Event: 43.172 loading class java/io/ObjectOutputStream$BlockDataOutputStream done
Event: 43.172 loading class java/io/ObjectOutputStream$HandleTable
Event: 43.172 loading class java/io/ObjectOutputStream$HandleTable done
Event: 43.172 loading class java/io/ObjectOutputStream$ReplaceTable
Event: 43.173 loading class java/io/ObjectOutputStream$ReplaceTable done


Dynamic libraries:
0x00007ff7b3500000 - 0x00007ff7b350e000 	C:\Program Files\Eclipse Adoptium\jdk-17.0.11.9-hotspot\bin\java.exe
0x00007ff800ed0000 - 0x00007ff8010e7000 	C:\WINDOWS\SYSTEM32\ntdll.dll
0x00007ffffff20000 - 0x00007ffffffe4000 	C:\WINDOWS\System32\KERNEL32.DLL
0x00007ffffe840000 - 0x00007ffffebed000 	C:\WINDOWS\System32\KERNELBASE.dll
0x00007ffffe6f0000 - 0x00007ffffe801000 	C:\WINDOWS\System32\ucrtbase.dll
0x00007fffd7600000 - 0x00007fffd761b000 	C:\Program Files\Eclipse Adoptium\jdk-17.0.11.9-hotspot\bin\VCRUNTIME140.dll
0x00007fffe0e10000 - 0x00007fffe0e27000 	C:\Program Files\Eclipse Adoptium\jdk-17.0.11.9-hotspot\bin\jli.dll
0x00007ffffed00000 - 0x00007ffffeeae000 	C:\WINDOWS\System32\USER32.dll
0x00007fffdb650000 - 0x00007fffdb8e3000 	C:\WINDOWS\WinSxS\amd64_microsoft.windows.common-controls_6595b64144ccf1df_6.0.22621.3672_none_2713b9d173822955\COMCTL32.dll
0x00007ffffec50000 - 0x00007ffffecf7000 	C:\WINDOWS\System32\msvcrt.dll
0x00007ff8006a0000 - 0x00007ff8006c9000 	C:\WINDOWS\System32\GDI32.dll
0x00007ffffe600000 - 0x00007ffffe626000 	C:\WINDOWS\System32\win32u.dll
0x00007ffffe4e0000 - 0x00007ffffe5f9000 	C:\WINDOWS\System32\gdi32full.dll
0x00007ffffe1e0000 - 0x00007ffffe27a000 	C:\WINDOWS\System32\msvcp_win.dll
0x00007fffff7c0000 - 0x00007fffff7f1000 	C:\WINDOWS\System32\IMM32.DLL
0x00007fffe8030000 - 0x00007fffe803c000 	C:\Program Files\Eclipse Adoptium\jdk-17.0.11.9-hotspot\bin\vcruntime140_1.dll
0x00007fffc4440000 - 0x00007fffc44cd000 	C:\Program Files\Eclipse Adoptium\jdk-17.0.11.9-hotspot\bin\msvcp140.dll
0x00007fff67fa0000 - 0x00007fff68c02000 	C:\Program Files\Eclipse Adoptium\jdk-17.0.11.9-hotspot\bin\server\jvm.dll
0x00007ff8002f0000 - 0x00007ff8003a2000 	C:\WINDOWS\System32\ADVAPI32.dll
0x00007ff8004d0000 - 0x00007ff800579000 	C:\WINDOWS\System32\sechost.dll
0x00007ffffe810000 - 0x00007ffffe838000 	C:\WINDOWS\System32\bcrypt.dll
0x00007ff8003b0000 - 0x00007ff8004c4000 	C:\WINDOWS\System32\RPCRT4.dll
0x00007ffffd040000 - 0x00007ffffd08d000 	C:\WINDOWS\SYSTEM32\POWRPROF.dll
0x00007ffff4f50000 - 0x00007ffff4f59000 	C:\WINDOWS\SYSTEM32\WSOCK32.dll
0x00007ff800270000 - 0x00007ff8002e1000 	C:\WINDOWS\System32\WS2_32.dll
0x00007ffff43d0000 - 0x00007ffff4404000 	C:\WINDOWS\SYSTEM32\WINMM.dll
0x00007fffeead0000 - 0x00007fffeeada000 	C:\WINDOWS\SYSTEM32\VERSION.dll
0x00007ffffd020000 - 0x00007ffffd033000 	C:\WINDOWS\SYSTEM32\UMPDC.dll
0x00007ffffd2d0000 - 0x00007ffffd2e8000 	C:\WINDOWS\SYSTEM32\kernel.appcore.dll
0x00007fffe6270000 - 0x00007fffe627a000 	C:\Program Files\Eclipse Adoptium\jdk-17.0.11.9-hotspot\bin\jimage.dll
0x00007ffffb7f0000 - 0x00007ffffba22000 	C:\WINDOWS\SYSTEM32\DBGHELP.DLL
0x00007ff8006d0000 - 0x00007ff800a58000 	C:\WINDOWS\System32\combase.dll
0x00007ff800a60000 - 0x00007ff800b37000 	C:\WINDOWS\System32\OLEAUT32.dll
0x00007fffea680000 - 0x00007fffea6b2000 	C:\WINDOWS\SYSTEM32\dbgcore.DLL
0x00007ffffe2f0000 - 0x00007ffffe36b000 	C:\WINDOWS\System32\bcryptPrimitives.dll
0x00007fffe5f50000 - 0x00007fffe5f5e000 	C:\Program Files\Eclipse Adoptium\jdk-17.0.11.9-hotspot\bin\instrument.dll
0x00007fffd6990000 - 0x00007fffd69b5000 	C:\Program Files\Eclipse Adoptium\jdk-17.0.11.9-hotspot\bin\java.dll
0x00007fffc2770000 - 0x00007fffc2847000 	C:\Program Files\Eclipse Adoptium\jdk-17.0.11.9-hotspot\bin\jsvml.dll
0x00007ffffef10000 - 0x00007fffff76f000 	C:\WINDOWS\System32\SHELL32.dll
0x00007ffffc100000 - 0x00007ffffc9fc000 	C:\WINDOWS\SYSTEM32\windows.storage.dll
0x00007ffffbfc0000 - 0x00007ffffc0ff000 	C:\WINDOWS\SYSTEM32\wintypes.dll
0x00007ff800040000 - 0x00007ff800134000 	C:\WINDOWS\System32\SHCORE.dll
0x00007fffffc80000 - 0x00007fffffcde000 	C:\WINDOWS\System32\shlwapi.dll
0x00007ffffe120000 - 0x00007ffffe141000 	C:\WINDOWS\SYSTEM32\profapi.dll
0x00007fffd75e0000 - 0x00007fffd75f8000 	C:\Program Files\Eclipse Adoptium\jdk-17.0.11.9-hotspot\bin\zip.dll
0x00007fffd7460000 - 0x00007fffd7479000 	C:\Program Files\Eclipse Adoptium\jdk-17.0.11.9-hotspot\bin\net.dll
0x00007ffff5500000 - 0x00007ffff5636000 	C:\WINDOWS\SYSTEM32\WINHTTP.dll
0x00007ffffd730000 - 0x00007ffffd799000 	C:\WINDOWS\system32\mswsock.dll
0x00007fffd67b0000 - 0x00007fffd67c6000 	C:\Program Files\Eclipse Adoptium\jdk-17.0.11.9-hotspot\bin\nio.dll
0x00007fffe5ec0000 - 0x00007fffe5ed0000 	C:\Program Files\Eclipse Adoptium\jdk-17.0.11.9-hotspot\bin\verify.dll
0x00007fffe12a0000 - 0x00007fffe12c7000 	C:\Users\kei02\.gradle\native\c067742578af261105cb4f569cf0c3c89f3d7b1fecec35dd04571415982c5e48\windows-amd64\native-platform.dll
0x00007fff8d180000 - 0x00007fff8d2c4000 	C:\Users\kei02\.gradle\native\100fb08df4bc3b14c8652ba06237920a3bd2aa13389f12d3474272988ae205f9\windows-amd64\native-platform-file-events.dll
0x00007fffe56d0000 - 0x00007fffe56d9000 	C:\Program Files\Eclipse Adoptium\jdk-17.0.11.9-hotspot\bin\management.dll
0x00007fffe5020000 - 0x00007fffe502b000 	C:\Program Files\Eclipse Adoptium\jdk-17.0.11.9-hotspot\bin\management_ext.dll
0x00007ff800030000 - 0x00007ff800038000 	C:\WINDOWS\System32\PSAPI.DLL
0x00007ffffda80000 - 0x00007ffffda9b000 	C:\WINDOWS\SYSTEM32\CRYPTSP.dll
0x00007ffffd230000 - 0x00007ffffd265000 	C:\WINDOWS\system32\rsaenh.dll
0x00007ffffd7d0000 - 0x00007ffffd7f8000 	C:\WINDOWS\SYSTEM32\USERENV.dll
0x00007ffffda60000 - 0x00007ffffda6c000 	C:\WINDOWS\SYSTEM32\CRYPTBASE.dll
0x00007ffffccd0000 - 0x00007ffffccfd000 	C:\WINDOWS\SYSTEM32\IPHLPAPI.DLL
0x00007ff800010000 - 0x00007ff800019000 	C:\WINDOWS\System32\NSI.dll
0x00007ffff54e0000 - 0x00007ffff54f9000 	C:\WINDOWS\SYSTEM32\dhcpcsvc6.DLL
0x00007ffff54c0000 - 0x00007ffff54df000 	C:\WINDOWS\SYSTEM32\dhcpcsvc.DLL
0x00007ffffcd00000 - 0x00007ffffcdf8000 	C:\WINDOWS\SYSTEM32\DNSAPI.dll
0x00007fffe1290000 - 0x00007fffe1299000 	C:\Program Files\Eclipse Adoptium\jdk-17.0.11.9-hotspot\bin\extnet.dll
0x00007fffe1240000 - 0x00007fffe124e000 	C:\Program Files\Eclipse Adoptium\jdk-17.0.11.9-hotspot\bin\sunmscapi.dll
0x00007ffffe370000 - 0x00007ffffe4d7000 	C:\WINDOWS\System32\CRYPT32.dll
0x00007ffffdba0000 - 0x00007ffffdbce000 	C:\WINDOWS\SYSTEM32\ncrypt.dll
0x00007ffffdb60000 - 0x00007ffffdb97000 	C:\WINDOWS\SYSTEM32\NTASN1.dll
0x00007ffff4710000 - 0x00007ffff4718000 	C:\WINDOWS\system32\wshunix.dll

dbghelp: loaded successfully - version: 4.0.5 - missing functions: none
symbol engine: initialized successfully - sym options: 0x614 - pdb path: .;C:\Program Files\Eclipse Adoptium\jdk-17.0.11.9-hotspot\bin;C:\WINDOWS\SYSTEM32;C:\WINDOWS\WinSxS\amd64_microsoft.windows.common-controls_6595b64144ccf1df_6.0.22621.3672_none_2713b9d173822955;C:\Program Files\Eclipse Adoptium\jdk-17.0.11.9-hotspot\bin\server;C:\Users\kei02\.gradle\native\c067742578af261105cb4f569cf0c3c89f3d7b1fecec35dd04571415982c5e48\windows-amd64;C:\Users\kei02\.gradle\native\100fb08df4bc3b14c8652ba06237920a3bd2aa13389f12d3474272988ae205f9\windows-amd64

VM Arguments:
jvm_args: --add-opens=java.base/java.util=ALL-UNNAMED --add-opens=java.base/java.lang=ALL-UNNAMED --add-opens=java.base/java.lang.invoke=ALL-UNNAMED --add-opens=java.prefs/java.util.prefs=ALL-UNNAMED --add-opens=java.base/java.nio.charset=ALL-UNNAMED --add-opens=java.base/java.net=ALL-UNNAMED --add-opens=java.base/java.util.concurrent.atomic=ALL-UNNAMED -XX:MaxMetaspaceSize=384m -XX:+HeapDumpOnOutOfMemoryError -Xms256m -Xmx512m -Dfile.encoding=UTF-8 -Duser.country=KR -Duser.language=ko -Duser.variant -javaagent:C:\Users\kei02\.gradle\wrapper\dists\gradle-8.8-bin\dl7vupf4psengwqhwktix4v1\gradle-8.8\lib\agents\gradle-instrumentation-agent-8.8.jar 
java_command: org.gradle.launcher.daemon.bootstrap.GradleDaemon 8.8
java_class_path (initial): C:\Users\kei02\.gradle\wrapper\dists\gradle-8.8-bin\dl7vupf4psengwqhwktix4v1\gradle-8.8\lib\gradle-launcher-8.8.jar
Launcher Type: SUN_STANDARD

[Global flags]
     intx CICompilerCount                          = 4                                         {product} {ergonomic}
   size_t CompressedClassSpaceSize                 = 335544320                                 {product} {ergonomic}
     uint ConcGCThreads                            = 2                                         {product} {ergonomic}
     uint G1ConcRefinementThreads                  = 8                                         {product} {ergonomic}
   size_t G1HeapRegionSize                         = 1048576                                   {product} {ergonomic}
    uintx GCDrainStackTargetSize                   = 64                                        {product} {ergonomic}
     bool HeapDumpOnOutOfMemoryError               = true                                   {manageable} {command line}
   size_t InitialHeapSize                          = 268435456                                 {product} {command line}
   size_t MarkStackSize                            = 4194304                                   {product} {ergonomic}
   size_t MaxHeapSize                              = 536870912                                 {product} {command line}
   size_t MaxMetaspaceSize                         = 402653184                                 {product} {command line}
   size_t MaxNewSize                               = 321912832                                 {product} {ergonomic}
   size_t MinHeapDeltaBytes                        = 1048576                                   {product} {ergonomic}
   size_t MinHeapSize                              = 268435456                                 {product} {command line}
    uintx NonNMethodCodeHeapSize                   = 5839372                                {pd product} {ergonomic}
    uintx NonProfiledCodeHeapSize                  = 122909434                              {pd product} {ergonomic}
    uintx ProfiledCodeHeapSize                     = 122909434                              {pd product} {ergonomic}
    uintx ReservedCodeCacheSize                    = 251658240                              {pd product} {ergonomic}
     bool SegmentedCodeCache                       = true                                      {product} {ergonomic}
   size_t SoftMaxHeapSize                          = 536870912                              {manageable} {ergonomic}
     bool UseCompressedClassPointers               = true                           {product lp64_product} {ergonomic}
     bool UseCompressedOops                        = true                           {product lp64_product} {ergonomic}
     bool UseG1GC                                  = true                                      {product} {ergonomic}
     bool UseLargePagesIndividualAllocation        = false                                  {pd product} {ergonomic}

Logging:
Log output configuration:
 #0: stdout all=warning uptime,level,tags
 #1: stderr all=off uptime,level,tags

Environment Variables:
JAVA_HOME=C:\Program Files\Eclipse Adoptium\jdk-17.0.11.9-hotspot
PATH=C:\Program Files (x86)\VMware\VMware Player\bin\;C:\Program Files\Eclipse Adoptium\jdk-17.0.11.9-hotspot\bin;C:\Program Files\nodejs\;C:\Program Files\Eclipse Adoptium\jdk-17.0.11.9-hotspot\bin;C:\Programs\apache-tomcat-9.0.87\bin;C:\WINDOWS\system32;C:\WINDOWS;C:\WINDOWS\System32\Wbem;C:\WINDOWS\System32\WindowsPowerShell\v1.0\;C:\WINDOWS\System32\OpenSSH\;C:\Program Files\Eclipse Adoptium\jdk-11.0.22.7-hotspot\bin;C:\Program Files\Git\cmd;C:\Program Files\Bandizip\;C:\Program Files\Docker\Docker\resources\bin;C:\Program Files\Eclipse Adoptium\jdk-17.0.11.9-hotspotbin;C:\Program Files\MySQL\MySQL Shell 8.0\bin\;C:\Users\kei02\AppData\Local\Microsoft\WindowsApps;C:\Users\kei02\AppData\Local\Programs\Microsoft VS Code\bin;C:\Users\kei02\AppData\Local\GitHubDesktop\bin;C:\Users\kei02\AppData\Local\afreeca;C:\Users\kei02\AppData\Roaming\npm;
USERNAME=kei02
OS=Windows_NT
PROCESSOR_IDENTIFIER=Intel64 Family 6 Model 142 Stepping 11, GenuineIntel
TMP=C:\Users\kei02\AppData\Local\Temp
TEMP=C:\Users\kei02\AppData\Local\Temp



Periodic native trim disabled


---------------  S Y S T E M  ---------------

OS:
 Windows 11 , 64 bit Build 22621 (10.0.22621.3672)
OS uptime: 5 days 23:05 hours
Hyper-V role detected

CPU: total 8 (initial active 8) (4 cores per cpu, 2 threads per core) family 6 model 142 stepping 11 microcode 0xde, cx8, cmov, fxsr, ht, mmx, 3dnowpref, sse, sse2, sse3, ssse3, sse4.1, sse4.2, popcnt, lzcnt, tsc, tscinvbit, avx, avx2, aes, erms, clmul, bmi1, bmi2, adx, fma, vzeroupper, clflush, clflushopt, hv
Processor Information for all 8 processors :
  Max Mhz: 1800, Current Mhz: 1600, Mhz Limit: 1584

Memory: 4k page, system-wide physical 8048M (414M free)
TotalPageFile size 25248M (AvailPageFile size 4M)
current process WorkingSet (physical memory assigned to process): 399M, peak: 399M
current process commit charge ("private bytes"): 485M, peak: 491M

vm_info: OpenJDK 64-Bit Server VM (17.0.11+9) for windows-amd64 JRE (17.0.11+9), built on Apr 17 2024 06:07:48 by "admin" with MS VC++ 16.10 / 16.11 (VS2019)

END.
